Flow report for GR8RAM
Fri Mar 19 07:33:22 2021
Quartus II 32-bit Version 13.0.1 Build 232 06/12/2013 Service Pack 1 SJ Web Edition


---------------------
; Table of Contents ;
---------------------
  1. Legal Notice
  2. Flow Summary
  3. Flow Settings
  4. Flow Non-Default Global Settings
  5. Flow Elapsed Time
  6. Flow OS Summary
  7. Flow Log
  8. Flow Messages
  9. Flow Suppressed Messages



----------------
; Legal Notice ;
----------------
Copyright (C) 1991-2013 Altera Corporation
Your use of Altera Corporation's design tools, logic functions 
and other software and tools, and its AMPP partner logic 
functions, and any output files from any of the foregoing 
(including device programming or simulation files), and any 
associated documentation or information are expressly subject 
to the terms and conditions of the Altera Program License 
Subscription Agreement, Altera MegaCore Function License 
Agreement, or other applicable license agreement, including, 
without limitation, that your use is for the sole purpose of 
programming logic devices manufactured by Altera and sold by 
Altera or its authorized distributors.  Please refer to the 
applicable agreement for further details.



+-----------------------------------------------------------------------------+
; Flow Summary                                                                ;
+---------------------------+-------------------------------------------------+
; Flow Status               ; Successful - Fri Mar 19 07:33:15 2021           ;
; Quartus II 32-bit Version ; 13.0.1 Build 232 06/12/2013 SP 1 SJ Web Edition ;
; Revision Name             ; GR8RAM                                          ;
; Top-level Entity Name     ; GR8RAM                                          ;
; Family                    ; MAX II                                          ;
; Device                    ; EPM240T100C5                                    ;
; Timing Models             ; Final                                           ;
; Total logic elements      ; 235 / 240 ( 98 % )                              ;
; Total pins                ; 68 / 80 ( 85 % )                                ;
; Total virtual pins        ; 0                                               ;
; UFM blocks                ; 1 / 1 ( 100 % )                                 ;
+---------------------------+-------------------------------------------------+


+-----------------------------------------+
; Flow Settings                           ;
+-------------------+---------------------+
; Option            ; Setting             ;
+-------------------+---------------------+
; Start date & time ; 03/19/2021 07:32:56 ;
; Main task         ; Compilation         ;
; Revision Name     ; GR8RAM              ;
+-------------------+---------------------+


+-------------------------------------------------------------------------------------------------------------------+
; Flow Non-Default Global Settings                                                                                  ;
+---------------------------------------+--------------------------------+---------------+-------------+------------+
; Assignment Name                       ; Value                          ; Default Value ; Entity Name ; Section Id ;
+---------------------------------------+--------------------------------+---------------+-------------+------------+
; COMPILER_SIGNATURE_ID                 ; 44085571633675.161615357603936 ; --            ; --          ; --         ;
; FITTER_EFFORT                         ; Standard Fit                   ; Auto Fit      ; --          ; --         ;
; IP_TOOL_NAME                          ; ALTUFM_NONE                    ; --            ; --          ; --         ;
; IP_TOOL_VERSION                       ; 13.0                           ; --            ; --          ; --         ;
; MAXII_OPTIMIZATION_TECHNIQUE          ; Area                           ; Balanced      ; --          ; --         ;
; MAX_CORE_JUNCTION_TEMP                ; 85                             ; --            ; --          ; --         ;
; MIN_CORE_JUNCTION_TEMP                ; 0                              ; --            ; --          ; --         ;
; POWER_EXT_SUPPLY_VOLTAGE_TO_REGULATOR ; 3.3V                           ; --            ; --          ; --         ;
; PROJECT_OUTPUT_DIRECTORY              ; output_files                   ; --            ; --          ; --         ;
; SYNTH_TIMING_DRIVEN_SYNTHESIS         ; Off                            ; --            ; --          ; --         ;
+---------------------------------------+--------------------------------+---------------+-------------+------------+


+-------------------------------------------------------------------------------------------------------------------------------+
; Flow Elapsed Time                                                                                                             ;
+---------------------------+--------------+-------------------------+---------------------+------------------------------------+
; Module Name               ; Elapsed Time ; Average Processors Used ; Peak Virtual Memory ; Total CPU Time (on all processors) ;
+---------------------------+--------------+-------------------------+---------------------+------------------------------------+
; Analysis & Synthesis      ; 00:00:05     ; 1.0                     ; 301 MB              ; 00:00:05                           ;
; Fitter                    ; 00:00:09     ; 1.3                     ; 373 MB              ; 00:00:08                           ;
; Assembler                 ; 00:00:02     ; 1.0                     ; 292 MB              ; 00:00:02                           ;
; TimeQuest Timing Analyzer ; 00:00:04     ; 1.0                     ; 275 MB              ; 00:00:05                           ;
; Total                     ; 00:00:20     ; --                      ; --                  ; 00:00:20                           ;
+---------------------------+--------------+-------------------------+---------------------+------------------------------------+


+-----------------------------------------------------------------------------------------+
; Flow OS Summary                                                                         ;
+---------------------------+------------------+------------+------------+----------------+
; Module Name               ; Machine Hostname ; OS Name    ; OS Version ; Processor type ;
+---------------------------+------------------+------------+------------+----------------+
; Analysis & Synthesis      ; zane-c8bbf8aef2  ; Windows XP ; 5.1        ; i686           ;
; Fitter                    ; zane-c8bbf8aef2  ; Windows XP ; 5.1        ; i686           ;
; Assembler                 ; zane-c8bbf8aef2  ; Windows XP ; 5.1        ; i686           ;
; TimeQuest Timing Analyzer ; zane-c8bbf8aef2  ; Windows XP ; 5.1        ; i686           ;
+---------------------------+------------------+------------+------------+----------------+


------------
; Flow Log ;
------------
quartus_map --read_settings_files=on --write_settings_files=off GR8RAM -c GR8RAM
quartus_fit --read_settings_files=off --write_settings_files=off GR8RAM -c GR8RAM
quartus_asm --read_settings_files=off --write_settings_files=off GR8RAM -c GR8RAM
quartus_sta GR8RAM -c GR8RAM



