Fitter report for GR8RAM
Fri Mar 19 07:33:10 2021
Quartus II 32-bit Version 13.0.1 Build 232 06/12/2013 Service Pack 1 SJ Web Edition


---------------------
; Table of Contents ;
---------------------
  1. Legal Notice
  2. Fitter Summary
  3. Fitter Settings
  4. Parallel Compilation
  5. Pin-Out File
  6. Fitter Resource Usage Summary
  7. Input Pins
  8. Output Pins
  9. Bidir Pins
 10. I/O Bank Usage
 11. All Package Pins
 12. Output Pin Default Load For Reported TCO
 13. Fitter Resource Utilization by Entity
 14. Delay Chain Summary
 15. Control Signals
 16. Global & Other Fast Signals
 17. Non-Global High Fan-Out Signals
 18. Other Routing Usage Summary
 19. LAB Logic Elements
 20. LAB-wide Signals
 21. LAB Signals Sourced
 22. LAB Signals Sourced Out
 23. LAB Distinct Inputs
 24. Fitter Device Options
 25. Fitter Messages
 26. Fitter Suppressed Messages



----------------
; Legal Notice ;
----------------
Copyright (C) 1991-2013 Altera Corporation
Your use of Altera Corporation's design tools, logic functions 
and other software and tools, and its AMPP partner logic 
functions, and any output files from any of the foregoing 
(including device programming or simulation files), and any 
associated documentation or information are expressly subject 
to the terms and conditions of the Altera Program License 
Subscription Agreement, Altera MegaCore Function License 
Agreement, or other applicable license agreement, including, 
without limitation, that your use is for the sole purpose of 
programming logic devices manufactured by Altera and sold by 
Altera or its authorized distributors.  Please refer to the 
applicable agreement for further details.



+-----------------------------------------------------------------------------+
; Fitter Summary                                                              ;
+---------------------------+-------------------------------------------------+
; Fitter Status             ; Successful - Fri Mar 19 07:33:10 2021           ;
; Quartus II 32-bit Version ; 13.0.1 Build 232 06/12/2013 SP 1 SJ Web Edition ;
; Revision Name             ; GR8RAM                                          ;
; Top-level Entity Name     ; GR8RAM                                          ;
; Family                    ; MAX II                                          ;
; Device                    ; EPM240T100C5                                    ;
; Timing Models             ; Final                                           ;
; Total logic elements      ; 235 / 240 ( 98 % )                              ;
; Total pins                ; 68 / 80 ( 85 % )                                ;
; Total virtual pins        ; 0                                               ;
; UFM blocks                ; 1 / 1 ( 100 % )                                 ;
+---------------------------+-------------------------------------------------+


+----------------------------------------------------------------------------------------------------------------------------------------------+
; Fitter Settings                                                                                                                              ;
+----------------------------------------------------------------------------+--------------------------------+--------------------------------+
; Option                                                                     ; Setting                        ; Default Value                  ;
+----------------------------------------------------------------------------+--------------------------------+--------------------------------+
; Device                                                                     ; EPM240T100C5                   ;                                ;
; Minimum Core Junction Temperature                                          ; 0                              ;                                ;
; Maximum Core Junction Temperature                                          ; 85                             ;                                ;
; Fit Attempts to Skip                                                       ; 0                              ; 0.0                            ;
; Device I/O Standard                                                        ; 3.3-V LVTTL                    ;                                ;
; Fitter Effort                                                              ; Standard Fit                   ; Auto Fit                       ;
; Use smart compilation                                                      ; Off                            ; Off                            ;
; Enable parallel Assembler and TimeQuest Timing Analyzer during compilation ; On                             ; On                             ;
; Enable compact report table                                                ; Off                            ; Off                            ;
; Router Timing Optimization Level                                           ; Normal                         ; Normal                         ;
; Placement Effort Multiplier                                                ; 1.0                            ; 1.0                            ;
; Router Effort Multiplier                                                   ; 1.0                            ; 1.0                            ;
; Always Enable Input Buffers                                                ; Off                            ; Off                            ;
; Optimize Hold Timing                                                       ; IO Paths and Minimum TPD Paths ; IO Paths and Minimum TPD Paths ;
; Optimize Multi-Corner Timing                                               ; Off                            ; Off                            ;
; Guarantee I/O Paths Have Zero Hold Time at Fast Corner                     ; On                             ; On                             ;
; PowerPlay Power Optimization                                               ; Normal compilation             ; Normal compilation             ;
; Optimize Timing                                                            ; Normal compilation             ; Normal compilation             ;
; Optimize Timing for ECOs                                                   ; Off                            ; Off                            ;
; Regenerate full fit report during ECO compiles                             ; Off                            ; Off                            ;
; Optimize IOC Register Placement for Timing                                 ; Normal                         ; Normal                         ;
; Limit to One Fitting Attempt                                               ; Off                            ; Off                            ;
; Final Placement Optimizations                                              ; Automatically                  ; Automatically                  ;
; Fitter Aggressive Routability Optimizations                                ; Automatically                  ; Automatically                  ;
; Fitter Initial Placement Seed                                              ; 1                              ; 1                              ;
; Slow Slew Rate                                                             ; Off                            ; Off                            ;
; PCI I/O                                                                    ; Off                            ; Off                            ;
; Weak Pull-Up Resistor                                                      ; Off                            ; Off                            ;
; Enable Bus-Hold Circuitry                                                  ; Off                            ; Off                            ;
; Auto Delay Chains                                                          ; On                             ; On                             ;
; Auto Delay Chains for High Fanout Input Pins                               ; Off                            ; Off                            ;
; Perform Physical Synthesis for Combinational Logic for Performance         ; Off                            ; Off                            ;
; Perform Register Duplication for Performance                               ; Off                            ; Off                            ;
; Perform Register Retiming for Performance                                  ; Off                            ; Off                            ;
; Perform Asynchronous Signal Pipelining                                     ; Off                            ; Off                            ;
; Physical Synthesis Effort Level                                            ; Normal                         ; Normal                         ;
; Logic Cell Insertion - Logic Duplication                                   ; Auto                           ; Auto                           ;
; Auto Register Duplication                                                  ; Auto                           ; Auto                           ;
; Auto Global Clock                                                          ; On                             ; On                             ;
; Auto Global Register Control Signals                                       ; On                             ; On                             ;
; Force Fitter to Avoid Periphery Placement Warnings                         ; Off                            ; Off                            ;
+----------------------------------------------------------------------------+--------------------------------+--------------------------------+


+------------------------------------------+
; Parallel Compilation                     ;
+----------------------------+-------------+
; Processors                 ; Number      ;
+----------------------------+-------------+
; Number detected on machine ; 2           ;
; Maximum allowed            ; 2           ;
;                            ;             ;
; Average used               ; 1.33        ;
; Maximum used               ; 2           ;
;                            ;             ;
; Usage by Processor         ; % Time Used ;
;     Processor 1            ; 100.0%      ;
;     Processor 2            ;  33.3%      ;
+----------------------------+-------------+


+--------------+
; Pin-Out File ;
+--------------+
The pin-out file can be found in Z:/Repos/GR8RAM/cpld/output_files/GR8RAM.pin.


+------------------------------------------------------------------+
; Fitter Resource Usage Summary                                    ;
+---------------------------------------------+--------------------+
; Resource                                    ; Usage              ;
+---------------------------------------------+--------------------+
; Total logic elements                        ; 235 / 240 ( 98 % ) ;
;     -- Combinational with no register       ; 139                ;
;     -- Register only                        ; 4                  ;
;     -- Combinational with a register        ; 92                 ;
;                                             ;                    ;
; Logic element usage by number of LUT inputs ;                    ;
;     -- 4 input functions                    ; 96                 ;
;     -- 3 input functions                    ; 45                 ;
;     -- 2 input functions                    ; 80                 ;
;     -- 1 input functions                    ; 9                  ;
;     -- 0 input functions                    ; 1                  ;
;                                             ;                    ;
; Logic elements by mode                      ;                    ;
;     -- normal mode                          ; 177                ;
;     -- arithmetic mode                      ; 58                 ;
;     -- qfbk mode                            ; 18                 ;
;     -- register cascade mode                ; 0                  ;
;     -- synchronous clear/load mode          ; 45                 ;
;     -- asynchronous clear/load mode         ; 0                  ;
;                                             ;                    ;
; Total registers                             ; 96 / 240 ( 40 % )  ;
; Total LABs                                  ; 24 / 24 ( 100 % )  ;
; Logic elements in carry chains              ; 62                 ;
; Virtual pins                                ; 0                  ;
; I/O pins                                    ; 68 / 80 ( 85 % )   ;
;     -- Clock pins                           ; 4 / 4 ( 100 % )    ;
;                                             ;                    ;
; Global signals                              ; 1                  ;
; UFM blocks                                  ; 1 / 1 ( 100 % )    ;
; Global clocks                               ; 1 / 4 ( 25 % )     ;
; JTAGs                                       ; 0 / 1 ( 0 % )      ;
; Average interconnect usage (total/H/V)      ; 34% / 42% / 26%    ;
; Peak interconnect usage (total/H/V)         ; 34% / 42% / 26%    ;
; Maximum fan-out                             ; 96                 ;
; Highest non-global fan-out                  ; 31                 ;
; Total fan-out                               ; 948                ;
; Average fan-out                             ; 3.12               ;
+---------------------------------------------+--------------------+


+----------------------------------------------------------------------------------------------------------------------------------------------------------------------------------------------------------------+
; Input Pins                                                                                                                                                                                                     ;
+---------+-------+----------+--------------+--------------+-------------+-----------------------+--------------------+--------+-----------------+----------+--------------+--------------+----------------------+
; Name    ; Pin # ; I/O Bank ; X coordinate ; Y coordinate ; Cell number ; Combinational Fan-Out ; Registered Fan-Out ; Global ; PCI I/O Enabled ; Bus Hold ; Weak Pull Up ; I/O Standard ; Location assigned by ;
+---------+-------+----------+--------------+--------------+-------------+-----------------------+--------------------+--------+-----------------+----------+--------------+--------------+----------------------+
; C25M    ; 14    ; 1        ; 1            ; 2            ; 0           ; 96                    ; 0                  ; yes    ; no              ; no       ; Off          ; 3.3-V LVTTL  ; Fitter               ;
; MISO    ; 33    ; 1        ; 3            ; 0            ; 2           ; 1                     ; 0                  ; no     ; no              ; no       ; Off          ; 3.3-V LVTTL  ; Fitter               ;
; PHI0    ; 12    ; 1        ; 1            ; 3            ; 3           ; 2                     ; 0                  ; no     ; no              ; no       ; Off          ; 3.3-V LVTTL  ; Fitter               ;
; RA[0]   ; 30    ; 1        ; 3            ; 0            ; 3           ; 1                     ; 0                  ; no     ; no              ; no       ; Off          ; 3.3-V LVTTL  ; Fitter               ;
; RA[10]  ; 16    ; 1        ; 1            ; 2            ; 2           ; 1                     ; 0                  ; no     ; no              ; no       ; Off          ; 3.3-V LVTTL  ; Fitter               ;
; RA[11]  ; 20    ; 1        ; 1            ; 1            ; 2           ; 1                     ; 0                  ; no     ; no              ; no       ; Off          ; 3.3-V LVTTL  ; Fitter               ;
; RA[12]  ; 1     ; 2        ; 2            ; 5            ; 3           ; 1                     ; 0                  ; no     ; no              ; no       ; Off          ; 3.3-V LVTTL  ; Fitter               ;
; RA[13]  ; 97    ; 2        ; 3            ; 5            ; 3           ; 1                     ; 0                  ; no     ; no              ; no       ; Off          ; 3.3-V LVTTL  ; Fitter               ;
; RA[14]  ; 36    ; 1        ; 4            ; 0            ; 2           ; 1                     ; 0                  ; no     ; no              ; no       ; Off          ; 3.3-V LVTTL  ; Fitter               ;
; RA[15]  ; 95    ; 2        ; 3            ; 5            ; 1           ; 1                     ; 0                  ; no     ; no              ; no       ; Off          ; 3.3-V LVTTL  ; Fitter               ;
; RA[1]   ; 92    ; 2        ; 3            ; 5            ; 0           ; 1                     ; 0                  ; no     ; no              ; no       ; Off          ; 3.3-V LVTTL  ; Fitter               ;
; RA[2]   ; 35    ; 1        ; 3            ; 0            ; 0           ; 1                     ; 0                  ; no     ; no              ; no       ; Off          ; 3.3-V LVTTL  ; Fitter               ;
; RA[3]   ; 96    ; 2        ; 3            ; 5            ; 2           ; 1                     ; 0                  ; no     ; no              ; no       ; Off          ; 3.3-V LVTTL  ; Fitter               ;
; RA[4]   ; 84    ; 2        ; 6            ; 5            ; 3           ; 1                     ; 0                  ; no     ; no              ; no       ; Off          ; 3.3-V LVTTL  ; Fitter               ;
; RA[5]   ; 81    ; 2        ; 6            ; 5            ; 0           ; 1                     ; 0                  ; no     ; no              ; no       ; Off          ; 3.3-V LVTTL  ; Fitter               ;
; RA[6]   ; 82    ; 2        ; 6            ; 5            ; 1           ; 1                     ; 0                  ; no     ; no              ; no       ; Off          ; 3.3-V LVTTL  ; Fitter               ;
; RA[7]   ; 34    ; 1        ; 3            ; 0            ; 1           ; 1                     ; 0                  ; no     ; no              ; no       ; Off          ; 3.3-V LVTTL  ; Fitter               ;
; RA[8]   ; 15    ; 1        ; 1            ; 2            ; 1           ; 1                     ; 0                  ; no     ; no              ; no       ; Off          ; 3.3-V LVTTL  ; Fitter               ;
; RA[9]   ; 17    ; 1        ; 1            ; 2            ; 3           ; 1                     ; 0                  ; no     ; no              ; no       ; Off          ; 3.3-V LVTTL  ; Fitter               ;
; nDEVSEL ; 77    ; 2        ; 7            ; 5            ; 2           ; 2                     ; 0                  ; no     ; no              ; no       ; Off          ; 3.3-V LVTTL  ; Fitter               ;
; nIOSEL  ; 71    ; 2        ; 8            ; 4            ; 3           ; 2                     ; 0                  ; no     ; no              ; no       ; Off          ; 3.3-V LVTTL  ; Fitter               ;
; nIOSTRB ; 72    ; 2        ; 8            ; 4            ; 2           ; 2                     ; 0                  ; no     ; no              ; no       ; Off          ; 3.3-V LVTTL  ; Fitter               ;
; nRES    ; 64    ; 2        ; 8            ; 3            ; 4           ; 1                     ; 0                  ; no     ; no              ; no       ; Off          ; 3.3-V LVTTL  ; Fitter               ;
; nWE     ; 8     ; 1        ; 1            ; 3            ; 2           ; 2                     ; 0                  ; no     ; no              ; no       ; Off          ; 3.3-V LVTTL  ; Fitter               ;
+---------+-------+----------+--------------+--------------+-------------+-----------------------+--------------------+--------+-----------------+----------+--------------+--------------+----------------------+


+---------------------------------------------------------------------------------------------------------------------------------------------------------------------------------------------------------------------------------------------------------------------------------------------------------------------------+
; Output Pins                                                                                                                                                                                                                                                                                                               ;
+---------+-------+----------+--------------+--------------+-------------+-----------------+----------------+-----------------+------------+---------------+----------+--------------+--------------+------------------+------------------------+----------------------+-------+----------------------+---------------------+
; Name    ; Pin # ; I/O Bank ; X coordinate ; Y coordinate ; Cell number ; Output Register ; Slow Slew Rate ; PCI I/O Enabled ; Open Drain ; TRI Primitive ; Bus Hold ; Weak Pull Up ; I/O Standard ; Current Strength ; Fast Output Connection ; Location assigned by ; Load  ; Output Enable Source ; Output Enable Group ;
+---------+-------+----------+--------------+--------------+-------------+-----------------+----------------+-----------------+------------+---------------+----------+--------------+--------------+------------------+------------------------+----------------------+-------+----------------------+---------------------+
; DQMH    ; 75    ; 2        ; 7            ; 5            ; 0           ; no              ; no             ; no              ; no         ; no            ; no       ; Off          ; 3.3-V LVTTL  ; 16mA             ; yes                    ; Fitter               ; 10 pF ; -                    ; -                   ;
; DQML    ; 76    ; 2        ; 7            ; 5            ; 1           ; no              ; no             ; no              ; no         ; no            ; no       ; Off          ; 3.3-V LVTTL  ; 16mA             ; yes                    ; Fitter               ; 10 pF ; -                    ; -                   ;
; FCK     ; 29    ; 1        ; 2            ; 0            ; 0           ; no              ; no             ; no              ; no         ; no            ; no       ; Off          ; 3.3-V LVTTL  ; 16mA             ; yes                    ; Fitter               ; 10 pF ; -                    ; -                   ;
; MOSI    ; 28    ; 1        ; 2            ; 0            ; 1           ; no              ; no             ; no              ; no         ; yes           ; no       ; Off          ; 3.3-V LVTTL  ; 16mA             ; no                     ; Fitter               ; 10 pF ; -                    ; -                   ;
; RAdir   ; 78    ; 2        ; 7            ; 5            ; 3           ; no              ; no             ; no              ; no         ; no            ; no       ; Off          ; 3.3-V LVTTL  ; 16mA             ; no                     ; Fitter               ; 10 pF ; -                    ; -                   ;
; RCKE    ; 66    ; 2        ; 8            ; 3            ; 3           ; no              ; no             ; no              ; no         ; no            ; no       ; Off          ; 3.3-V LVTTL  ; 16mA             ; no                     ; Fitter               ; 10 pF ; -                    ; -                   ;
; RDdir   ; 100   ; 2        ; 2            ; 5            ; 2           ; no              ; no             ; no              ; no         ; no            ; no       ; Off          ; 3.3-V LVTTL  ; 16mA             ; no                     ; Fitter               ; 10 pF ; -                    ; -                   ;
; SA[0]   ; 73    ; 2        ; 8            ; 4            ; 1           ; no              ; no             ; no              ; no         ; no            ; no       ; Off          ; 3.3-V LVTTL  ; 16mA             ; no                     ; Fitter               ; 10 pF ; -                    ; -                   ;
; SA[10]  ; 62    ; 2        ; 8            ; 2            ; 0           ; no              ; no             ; no              ; no         ; no            ; no       ; Off          ; 3.3-V LVTTL  ; 16mA             ; no                     ; Fitter               ; 10 pF ; -                    ; -                   ;
; SA[11]  ; 88    ; 2        ; 5            ; 5            ; 3           ; no              ; no             ; no              ; no         ; no            ; no       ; Off          ; 3.3-V LVTTL  ; 16mA             ; no                     ; Fitter               ; 10 pF ; -                    ; -                   ;
; SA[12]  ; 70    ; 2        ; 8            ; 4            ; 4           ; no              ; no             ; no              ; no         ; no            ; no       ; Off          ; 3.3-V LVTTL  ; 16mA             ; no                     ; Fitter               ; 10 pF ; -                    ; -                   ;
; SA[1]   ; 21    ; 1        ; 1            ; 1            ; 3           ; no              ; no             ; no              ; no         ; no            ; no       ; Off          ; 3.3-V LVTTL  ; 16mA             ; no                     ; Fitter               ; 10 pF ; -                    ; -                   ;
; SA[2]   ; 61    ; 2        ; 8            ; 2            ; 1           ; no              ; no             ; no              ; no         ; no            ; no       ; Off          ; 3.3-V LVTTL  ; 16mA             ; no                     ; Fitter               ; 10 pF ; -                    ; -                   ;
; SA[3]   ; 39    ; 1        ; 5            ; 0            ; 3           ; no              ; no             ; no              ; no         ; no            ; no       ; Off          ; 3.3-V LVTTL  ; 16mA             ; no                     ; Fitter               ; 10 pF ; -                    ; -                   ;
; SA[4]   ; 74    ; 2        ; 8            ; 4            ; 0           ; no              ; no             ; no              ; no         ; no            ; no       ; Off          ; 3.3-V LVTTL  ; 16mA             ; no                     ; Fitter               ; 10 pF ; -                    ; -                   ;
; SA[5]   ; 85    ; 2        ; 5            ; 5            ; 0           ; no              ; no             ; no              ; no         ; no            ; no       ; Off          ; 3.3-V LVTTL  ; 16mA             ; no                     ; Fitter               ; 10 pF ; -                    ; -                   ;
; SA[6]   ; 83    ; 2        ; 6            ; 5            ; 2           ; no              ; no             ; no              ; no         ; no            ; no       ; Off          ; 3.3-V LVTTL  ; 16mA             ; yes                    ; Fitter               ; 10 pF ; -                    ; -                   ;
; SA[7]   ; 19    ; 1        ; 1            ; 1            ; 1           ; no              ; no             ; no              ; no         ; no            ; no       ; Off          ; 3.3-V LVTTL  ; 16mA             ; no                     ; Fitter               ; 10 pF ; -                    ; -                   ;
; SA[8]   ; 18    ; 1        ; 1            ; 1            ; 0           ; no              ; no             ; no              ; no         ; no            ; no       ; Off          ; 3.3-V LVTTL  ; 16mA             ; no                     ; Fitter               ; 10 pF ; -                    ; -                   ;
; SA[9]   ; 67    ; 2        ; 8            ; 3            ; 2           ; no              ; no             ; no              ; no         ; no            ; no       ; Off          ; 3.3-V LVTTL  ; 16mA             ; no                     ; Fitter               ; 10 pF ; -                    ; -                   ;
; SBA[0]  ; 43    ; 1        ; 6            ; 0            ; 3           ; no              ; no             ; no              ; no         ; no            ; no       ; Off          ; 3.3-V LVTTL  ; 16mA             ; no                     ; Fitter               ; 10 pF ; -                    ; -                   ;
; SBA[1]  ; 86    ; 2        ; 5            ; 5            ; 1           ; no              ; no             ; no              ; no         ; no            ; no       ; Off          ; 3.3-V LVTTL  ; 16mA             ; no                     ; Fitter               ; 10 pF ; -                    ; -                   ;
; nCAS    ; 58    ; 2        ; 8            ; 2            ; 2           ; no              ; no             ; no              ; no         ; no            ; no       ; Off          ; 3.3-V LVTTL  ; 16mA             ; no                     ; Fitter               ; 10 pF ; -                    ; -                   ;
; nFCS    ; 38    ; 1        ; 4            ; 0            ; 0           ; no              ; no             ; no              ; no         ; no            ; no       ; Off          ; 3.3-V LVTTL  ; 16mA             ; yes                    ; Fitter               ; 10 pF ; -                    ; -                   ;
; nRAS    ; 68    ; 2        ; 8            ; 3            ; 1           ; no              ; no             ; no              ; no         ; no            ; no       ; Off          ; 3.3-V LVTTL  ; 16mA             ; no                     ; Fitter               ; 10 pF ; -                    ; -                   ;
; nRCS    ; 57    ; 2        ; 8            ; 2            ; 3           ; no              ; no             ; no              ; no         ; no            ; no       ; Off          ; 3.3-V LVTTL  ; 16mA             ; yes                    ; Fitter               ; 10 pF ; -                    ; -                   ;
; nRESout ; 37    ; 1        ; 4            ; 0            ; 1           ; no              ; no             ; no              ; no         ; no            ; no       ; Off          ; 3.3-V LVTTL  ; 16mA             ; no                     ; Fitter               ; 10 pF ; -                    ; -                   ;
; nSWE    ; 69    ; 2        ; 8            ; 3            ; 0           ; no              ; no             ; no              ; no         ; no            ; no       ; Off          ; 3.3-V LVTTL  ; 16mA             ; no                     ; Fitter               ; 10 pF ; -                    ; -                   ;
+---------+-------+----------+--------------+--------------+-------------+-----------------+----------------+-----------------+------------+---------------+----------+--------------+--------------+------------------+------------------------+----------------------+-------+----------------------+---------------------+


+---------------------------------------------------------------------------------------------------------------------------------------------------------------------------------------------------------------------------------------------------------------------------------------------------------------------------------------------------------------+
; Bidir Pins                                                                                                                                                                                                                                                                                                                                                    ;
+-------+-------+----------+--------------+--------------+-------------+-----------------------+--------------------+--------+-----------------+----------------+-----------------+------------+----------+--------------+--------------+------------------+------------------------+----------------------+-------+----------------------+---------------------+
; Name  ; Pin # ; I/O Bank ; X coordinate ; Y coordinate ; Cell number ; Combinational Fan-Out ; Registered Fan-Out ; Global ; Output Register ; Slow Slew Rate ; PCI I/O Enabled ; Open Drain ; Bus Hold ; Weak Pull Up ; I/O Standard ; Current Strength ; Fast Output Connection ; Location assigned by ; Load  ; Output Enable Source ; Output Enable Group ;
+-------+-------+----------+--------------+--------------+-------------+-----------------------+--------------------+--------+-----------------+----------------+-----------------+------------+----------+--------------+--------------+------------------+------------------------+----------------------+-------+----------------------+---------------------+
; RD[0] ; 2     ; 1        ; 1            ; 4            ; 0           ; 4                     ; 0                  ; no     ; no              ; no             ; no              ; yes        ; no       ; Off          ; 3.3-V LVTTL  ; 16mA             ; no                     ; Fitter               ; 10 pF ; comb~2 (inverted)    ; -                   ;
; RD[1] ; 7     ; 1        ; 1            ; 3            ; 1           ; 4                     ; 0                  ; no     ; no              ; no             ; no              ; yes        ; no       ; Off          ; 3.3-V LVTTL  ; 16mA             ; no                     ; Fitter               ; 10 pF ; comb~2 (inverted)    ; -                   ;
; RD[2] ; 98    ; 2        ; 2            ; 5            ; 0           ; 3                     ; 0                  ; no     ; no              ; no             ; no              ; yes        ; no       ; Off          ; 3.3-V LVTTL  ; 16mA             ; no                     ; Fitter               ; 10 pF ; comb~2 (inverted)    ; -                   ;
; RD[3] ; 3     ; 1        ; 1            ; 4            ; 1           ; 3                     ; 0                  ; no     ; no              ; no             ; no              ; yes        ; no       ; Off          ; 3.3-V LVTTL  ; 16mA             ; no                     ; Fitter               ; 10 pF ; comb~2 (inverted)    ; -                   ;
; RD[4] ; 5     ; 1        ; 1            ; 4            ; 3           ; 3                     ; 0                  ; no     ; no              ; no             ; no              ; yes        ; no       ; Off          ; 3.3-V LVTTL  ; 16mA             ; no                     ; Fitter               ; 10 pF ; comb~2 (inverted)    ; -                   ;
; RD[5] ; 99    ; 2        ; 2            ; 5            ; 1           ; 3                     ; 0                  ; no     ; no              ; no             ; no              ; yes        ; no       ; Off          ; 3.3-V LVTTL  ; 16mA             ; no                     ; Fitter               ; 10 pF ; comb~2 (inverted)    ; -                   ;
; RD[6] ; 4     ; 1        ; 1            ; 4            ; 2           ; 3                     ; 0                  ; no     ; no              ; no             ; no              ; yes        ; no       ; Off          ; 3.3-V LVTTL  ; 16mA             ; no                     ; Fitter               ; 10 pF ; comb~2 (inverted)    ; -                   ;
; RD[7] ; 6     ; 1        ; 1            ; 3            ; 0           ; 4                     ; 0                  ; no     ; no              ; no             ; no              ; yes        ; no       ; Off          ; 3.3-V LVTTL  ; 16mA             ; no                     ; Fitter               ; 10 pF ; comb~2 (inverted)    ; -                   ;
; SD[0] ; 42    ; 1        ; 5            ; 0            ; 0           ; 0                     ; 0                  ; no     ; no              ; no             ; no              ; yes        ; no       ; Off          ; 3.3-V LVTTL  ; 16mA             ; no                     ; Fitter               ; 10 pF ; SDOE                 ; -                   ;
; SD[1] ; 40    ; 1        ; 5            ; 0            ; 2           ; 0                     ; 0                  ; no     ; no              ; no             ; no              ; yes        ; no       ; Off          ; 3.3-V LVTTL  ; 16mA             ; no                     ; Fitter               ; 10 pF ; SDOE                 ; -                   ;
; SD[2] ; 53    ; 2        ; 8            ; 1            ; 3           ; 0                     ; 0                  ; no     ; no              ; no             ; no              ; yes        ; no       ; Off          ; 3.3-V LVTTL  ; 16mA             ; no                     ; Fitter               ; 10 pF ; SDOE                 ; -                   ;
; SD[3] ; 51    ; 1        ; 7            ; 0            ; 0           ; 0                     ; 0                  ; no     ; no              ; no             ; no              ; yes        ; no       ; Off          ; 3.3-V LVTTL  ; 16mA             ; no                     ; Fitter               ; 10 pF ; SDOE                 ; -                   ;
; SD[4] ; 41    ; 1        ; 5            ; 0            ; 1           ; 0                     ; 0                  ; no     ; no              ; no             ; no              ; yes        ; no       ; Off          ; 3.3-V LVTTL  ; 16mA             ; no                     ; Fitter               ; 10 pF ; SDOE                 ; -                   ;
; SD[5] ; 52    ; 2        ; 8            ; 1            ; 4           ; 0                     ; 0                  ; no     ; no              ; no             ; no              ; yes        ; no       ; Off          ; 3.3-V LVTTL  ; 16mA             ; no                     ; Fitter               ; 10 pF ; SDOE                 ; -                   ;
; SD[6] ; 27    ; 1        ; 2            ; 0            ; 2           ; 0                     ; 0                  ; no     ; no              ; no             ; no              ; no         ; no       ; Off          ; 3.3-V LVTTL  ; 16mA             ; yes                    ; Fitter               ; 10 pF ; SDOE                 ; -                   ;
; SD[7] ; 26    ; 1        ; 2            ; 0            ; 3           ; 0                     ; 0                  ; no     ; no              ; no             ; no              ; no         ; no       ; Off          ; 3.3-V LVTTL  ; 16mA             ; yes                    ; Fitter               ; 10 pF ; SDOE                 ; -                   ;
+-------+-------+----------+--------------+--------------+-------------+-----------------------+--------------------+--------+-----------------+----------------+-----------------+------------+----------+--------------+--------------+------------------+------------------------+----------------------+-------+----------------------+---------------------+


+------------------------------------------------------------+
; I/O Bank Usage                                             ;
+----------+------------------+---------------+--------------+
; I/O Bank ; Usage            ; VCCIO Voltage ; VREF Voltage ;
+----------+------------------+---------------+--------------+
; 1        ; 33 / 38 ( 87 % ) ; 3.3V          ; --           ;
; 2        ; 35 / 42 ( 83 % ) ; 3.3V          ; --           ;
+----------+------------------+---------------+--------------+


+------------------------------------------------------------------------------------------------------------------------------------------------+
; All Package Pins                                                                                                                               ;
+----------+------------+----------+----------------+--------+--------------+-----------+------------+-----------------+----------+--------------+
; Location ; Pad Number ; I/O Bank ; Pin Name/Usage ; Dir.   ; I/O Standard ; Voltage   ; I/O Type   ; User Assignment ; Bus Hold ; Weak Pull Up ;
+----------+------------+----------+----------------+--------+--------------+-----------+------------+-----------------+----------+--------------+
; 1        ; 83         ; 2        ; RA[12]         ; input  ; 3.3-V LVTTL  ;           ; Column I/O ; N               ; no       ; Off          ;
; 2        ; 0          ; 1        ; RD[0]          ; bidir  ; 3.3-V LVTTL  ;           ; Row I/O    ; N               ; no       ; Off          ;
; 3        ; 1          ; 1        ; RD[3]          ; bidir  ; 3.3-V LVTTL  ;           ; Row I/O    ; N               ; no       ; Off          ;
; 4        ; 2          ; 1        ; RD[6]          ; bidir  ; 3.3-V LVTTL  ;           ; Row I/O    ; N               ; no       ; Off          ;
; 5        ; 3          ; 1        ; RD[4]          ; bidir  ; 3.3-V LVTTL  ;           ; Row I/O    ; N               ; no       ; Off          ;
; 6        ; 4          ; 1        ; RD[7]          ; bidir  ; 3.3-V LVTTL  ;           ; Row I/O    ; N               ; no       ; Off          ;
; 7        ; 5          ; 1        ; RD[1]          ; bidir  ; 3.3-V LVTTL  ;           ; Row I/O    ; N               ; no       ; Off          ;
; 8        ; 6          ; 1        ; nWE            ; input  ; 3.3-V LVTTL  ;           ; Row I/O    ; N               ; no       ; Off          ;
; 9        ;            ; 1        ; VCCIO1         ; power  ;              ; 3.3V      ; --         ;                 ; --       ; --           ;
; 10       ;            ;          ; GNDIO          ; gnd    ;              ;           ; --         ;                 ; --       ; --           ;
; 11       ;            ;          ; GNDINT         ; gnd    ;              ;           ; --         ;                 ; --       ; --           ;
; 12       ; 7          ; 1        ; PHI0           ; input  ; 3.3-V LVTTL  ;           ; Row I/O    ; N               ; no       ; Off          ;
; 13       ;            ;          ; VCCINT         ; power  ;              ; 2.5V/3.3V ; --         ;                 ; --       ; --           ;
; 14       ; 8          ; 1        ; C25M           ; input  ; 3.3-V LVTTL  ;           ; Row I/O    ; N               ; no       ; Off          ;
; 15       ; 9          ; 1        ; RA[8]          ; input  ; 3.3-V LVTTL  ;           ; Row I/O    ; N               ; no       ; Off          ;
; 16       ; 10         ; 1        ; RA[10]         ; input  ; 3.3-V LVTTL  ;           ; Row I/O    ; N               ; no       ; Off          ;
; 17       ; 11         ; 1        ; RA[9]          ; input  ; 3.3-V LVTTL  ;           ; Row I/O    ; N               ; no       ; Off          ;
; 18       ; 12         ; 1        ; SA[8]          ; output ; 3.3-V LVTTL  ;           ; Row I/O    ; N               ; no       ; Off          ;
; 19       ; 13         ; 1        ; SA[7]          ; output ; 3.3-V LVTTL  ;           ; Row I/O    ; N               ; no       ; Off          ;
; 20       ; 14         ; 1        ; RA[11]         ; input  ; 3.3-V LVTTL  ;           ; Row I/O    ; N               ; no       ; Off          ;
; 21       ; 15         ; 1        ; SA[1]          ; output ; 3.3-V LVTTL  ;           ; Row I/O    ; N               ; no       ; Off          ;
; 22       ; 16         ; 1        ; #TMS           ; input  ;              ;           ; --         ;                 ; --       ; --           ;
; 23       ; 17         ; 1        ; #TDI           ; input  ;              ;           ; --         ;                 ; --       ; --           ;
; 24       ; 18         ; 1        ; #TCK           ; input  ;              ;           ; --         ;                 ; --       ; --           ;
; 25       ; 19         ; 1        ; #TDO           ; output ;              ;           ; --         ;                 ; --       ; --           ;
; 26       ; 20         ; 1        ; SD[7]          ; bidir  ; 3.3-V LVTTL  ;           ; Column I/O ; N               ; no       ; Off          ;
; 27       ; 21         ; 1        ; SD[6]          ; bidir  ; 3.3-V LVTTL  ;           ; Column I/O ; N               ; no       ; Off          ;
; 28       ; 22         ; 1        ; MOSI           ; output ; 3.3-V LVTTL  ;           ; Column I/O ; N               ; no       ; Off          ;
; 29       ; 23         ; 1        ; FCK            ; output ; 3.3-V LVTTL  ;           ; Column I/O ; N               ; no       ; Off          ;
; 30       ; 24         ; 1        ; RA[0]          ; input  ; 3.3-V LVTTL  ;           ; Column I/O ; N               ; no       ; Off          ;
; 31       ;            ; 1        ; VCCIO1         ; power  ;              ; 3.3V      ; --         ;                 ; --       ; --           ;
; 32       ;            ;          ; GNDIO          ; gnd    ;              ;           ; --         ;                 ; --       ; --           ;
; 33       ; 25         ; 1        ; MISO           ; input  ; 3.3-V LVTTL  ;           ; Column I/O ; N               ; no       ; Off          ;
; 34       ; 26         ; 1        ; RA[7]          ; input  ; 3.3-V LVTTL  ;           ; Column I/O ; N               ; no       ; Off          ;
; 35       ; 27         ; 1        ; RA[2]          ; input  ; 3.3-V LVTTL  ;           ; Column I/O ; N               ; no       ; Off          ;
; 36       ; 28         ; 1        ; RA[14]         ; input  ; 3.3-V LVTTL  ;           ; Column I/O ; N               ; no       ; Off          ;
; 37       ; 29         ; 1        ; nRESout        ; output ; 3.3-V LVTTL  ;           ; Column I/O ; N               ; no       ; Off          ;
; 38       ; 30         ; 1        ; nFCS           ; output ; 3.3-V LVTTL  ;           ; Column I/O ; N               ; no       ; Off          ;
; 39       ; 31         ; 1        ; SA[3]          ; output ; 3.3-V LVTTL  ;           ; Column I/O ; N               ; no       ; Off          ;
; 40       ; 32         ; 1        ; SD[1]          ; bidir  ; 3.3-V LVTTL  ;           ; Column I/O ; N               ; no       ; Off          ;
; 41       ; 33         ; 1        ; SD[4]          ; bidir  ; 3.3-V LVTTL  ;           ; Column I/O ; N               ; no       ; Off          ;
; 42       ; 34         ; 1        ; SD[0]          ; bidir  ; 3.3-V LVTTL  ;           ; Column I/O ; N               ; no       ; Off          ;
; 43       ; 35         ; 1        ; SBA[0]         ; output ; 3.3-V LVTTL  ;           ; Column I/O ; N               ; no       ; Off          ;
; 44       ; 36         ; 1        ; GND*           ;        ;              ;           ; Column I/O ;                 ; no       ; Off          ;
; 45       ;            ; 1        ; VCCIO1         ; power  ;              ; 3.3V      ; --         ;                 ; --       ; --           ;
; 46       ;            ;          ; GNDIO          ; gnd    ;              ;           ; --         ;                 ; --       ; --           ;
; 47       ; 37         ; 1        ; GND*           ;        ;              ;           ; Column I/O ;                 ; no       ; Off          ;
; 48       ; 38         ; 1        ; GND*           ;        ;              ;           ; Column I/O ;                 ; no       ; Off          ;
; 49       ; 39         ; 1        ; GND*           ;        ;              ;           ; Column I/O ;                 ; no       ; Off          ;
; 50       ; 40         ; 1        ; GND*           ;        ;              ;           ; Column I/O ;                 ; no       ; Off          ;
; 51       ; 41         ; 1        ; SD[3]          ; bidir  ; 3.3-V LVTTL  ;           ; Column I/O ; N               ; no       ; Off          ;
; 52       ; 42         ; 2        ; SD[5]          ; bidir  ; 3.3-V LVTTL  ;           ; Row I/O    ; N               ; no       ; Off          ;
; 53       ; 43         ; 2        ; SD[2]          ; bidir  ; 3.3-V LVTTL  ;           ; Row I/O    ; N               ; no       ; Off          ;
; 54       ; 44         ; 2        ; GND*           ;        ;              ;           ; Row I/O    ;                 ; no       ; Off          ;
; 55       ; 45         ; 2        ; GND*           ;        ;              ;           ; Row I/O    ;                 ; no       ; Off          ;
; 56       ; 46         ; 2        ; GND*           ;        ;              ;           ; Row I/O    ;                 ; no       ; Off          ;
; 57       ; 47         ; 2        ; nRCS           ; output ; 3.3-V LVTTL  ;           ; Row I/O    ; N               ; no       ; Off          ;
; 58       ; 48         ; 2        ; nCAS           ; output ; 3.3-V LVTTL  ;           ; Row I/O    ; N               ; no       ; Off          ;
; 59       ;            ; 2        ; VCCIO2         ; power  ;              ; 3.3V      ; --         ;                 ; --       ; --           ;
; 60       ;            ;          ; GNDIO          ; gnd    ;              ;           ; --         ;                 ; --       ; --           ;
; 61       ; 49         ; 2        ; SA[2]          ; output ; 3.3-V LVTTL  ;           ; Row I/O    ; N               ; no       ; Off          ;
; 62       ; 50         ; 2        ; SA[10]         ; output ; 3.3-V LVTTL  ;           ; Row I/O    ; N               ; no       ; Off          ;
; 63       ;            ;          ; VCCINT         ; power  ;              ; 2.5V/3.3V ; --         ;                 ; --       ; --           ;
; 64       ; 51         ; 2        ; nRES           ; input  ; 3.3-V LVTTL  ;           ; Row I/O    ; N               ; no       ; Off          ;
; 65       ;            ;          ; GNDINT         ; gnd    ;              ;           ; --         ;                 ; --       ; --           ;
; 66       ; 52         ; 2        ; RCKE           ; output ; 3.3-V LVTTL  ;           ; Row I/O    ; N               ; no       ; Off          ;
; 67       ; 53         ; 2        ; SA[9]          ; output ; 3.3-V LVTTL  ;           ; Row I/O    ; N               ; no       ; Off          ;
; 68       ; 54         ; 2        ; nRAS           ; output ; 3.3-V LVTTL  ;           ; Row I/O    ; N               ; no       ; Off          ;
; 69       ; 55         ; 2        ; nSWE           ; output ; 3.3-V LVTTL  ;           ; Row I/O    ; N               ; no       ; Off          ;
; 70       ; 56         ; 2        ; SA[12]         ; output ; 3.3-V LVTTL  ;           ; Row I/O    ; N               ; no       ; Off          ;
; 71       ; 57         ; 2        ; nIOSEL         ; input  ; 3.3-V LVTTL  ;           ; Row I/O    ; N               ; no       ; Off          ;
; 72       ; 58         ; 2        ; nIOSTRB        ; input  ; 3.3-V LVTTL  ;           ; Row I/O    ; N               ; no       ; Off          ;
; 73       ; 59         ; 2        ; SA[0]          ; output ; 3.3-V LVTTL  ;           ; Row I/O    ; N               ; no       ; Off          ;
; 74       ; 60         ; 2        ; SA[4]          ; output ; 3.3-V LVTTL  ;           ; Row I/O    ; N               ; no       ; Off          ;
; 75       ; 61         ; 2        ; DQMH           ; output ; 3.3-V LVTTL  ;           ; Column I/O ; N               ; no       ; Off          ;
; 76       ; 62         ; 2        ; DQML           ; output ; 3.3-V LVTTL  ;           ; Column I/O ; N               ; no       ; Off          ;
; 77       ; 63         ; 2        ; nDEVSEL        ; input  ; 3.3-V LVTTL  ;           ; Column I/O ; N               ; no       ; Off          ;
; 78       ; 64         ; 2        ; RAdir          ; output ; 3.3-V LVTTL  ;           ; Column I/O ; N               ; no       ; Off          ;
; 79       ;            ;          ; GNDIO          ; gnd    ;              ;           ; --         ;                 ; --       ; --           ;
; 80       ;            ; 2        ; VCCIO2         ; power  ;              ; 3.3V      ; --         ;                 ; --       ; --           ;
; 81       ; 65         ; 2        ; RA[5]          ; input  ; 3.3-V LVTTL  ;           ; Column I/O ; N               ; no       ; Off          ;
; 82       ; 66         ; 2        ; RA[6]          ; input  ; 3.3-V LVTTL  ;           ; Column I/O ; N               ; no       ; Off          ;
; 83       ; 67         ; 2        ; SA[6]          ; output ; 3.3-V LVTTL  ;           ; Column I/O ; N               ; no       ; Off          ;
; 84       ; 68         ; 2        ; RA[4]          ; input  ; 3.3-V LVTTL  ;           ; Column I/O ; N               ; no       ; Off          ;
; 85       ; 69         ; 2        ; SA[5]          ; output ; 3.3-V LVTTL  ;           ; Column I/O ; N               ; no       ; Off          ;
; 86       ; 70         ; 2        ; SBA[1]         ; output ; 3.3-V LVTTL  ;           ; Column I/O ; N               ; no       ; Off          ;
; 87       ; 71         ; 2        ; GND*           ;        ;              ;           ; Column I/O ;                 ; no       ; Off          ;
; 88       ; 72         ; 2        ; SA[11]         ; output ; 3.3-V LVTTL  ;           ; Column I/O ; N               ; no       ; Off          ;
; 89       ; 73         ; 2        ; GND*           ;        ;              ;           ; Column I/O ;                 ; no       ; Off          ;
; 90       ; 74         ; 2        ; GND*           ;        ;              ;           ; Column I/O ;                 ; no       ; Off          ;
; 91       ; 75         ; 2        ; GND*           ;        ;              ;           ; Column I/O ;                 ; no       ; Off          ;
; 92       ; 76         ; 2        ; RA[1]          ; input  ; 3.3-V LVTTL  ;           ; Column I/O ; N               ; no       ; Off          ;
; 93       ;            ;          ; GNDIO          ; gnd    ;              ;           ; --         ;                 ; --       ; --           ;
; 94       ;            ; 2        ; VCCIO2         ; power  ;              ; 3.3V      ; --         ;                 ; --       ; --           ;
; 95       ; 77         ; 2        ; RA[15]         ; input  ; 3.3-V LVTTL  ;           ; Column I/O ; N               ; no       ; Off          ;
; 96       ; 78         ; 2        ; RA[3]          ; input  ; 3.3-V LVTTL  ;           ; Column I/O ; N               ; no       ; Off          ;
; 97       ; 79         ; 2        ; RA[13]         ; input  ; 3.3-V LVTTL  ;           ; Column I/O ; N               ; no       ; Off          ;
; 98       ; 80         ; 2        ; RD[2]          ; bidir  ; 3.3-V LVTTL  ;           ; Column I/O ; N               ; no       ; Off          ;
; 99       ; 81         ; 2        ; RD[5]          ; bidir  ; 3.3-V LVTTL  ;           ; Column I/O ; N               ; no       ; Off          ;
; 100      ; 82         ; 2        ; RDdir          ; output ; 3.3-V LVTTL  ;           ; Column I/O ; N               ; no       ; Off          ;
+----------+------------+----------+----------------+--------+--------------+-----------+------------+-----------------+----------+--------------+
Note: Pin directions (input, output or bidir) are based on device operating in user mode.


+-------------------------------------------------------------+
; Output Pin Default Load For Reported TCO                    ;
+----------------------------+-------+------------------------+
; I/O Standard               ; Load  ; Termination Resistance ;
+----------------------------+-------+------------------------+
; 3.3-V LVTTL                ; 10 pF ; Not Available          ;
; 3.3-V LVCMOS               ; 10 pF ; Not Available          ;
; 2.5 V                      ; 10 pF ; Not Available          ;
; 1.8 V                      ; 10 pF ; Not Available          ;
; 1.5 V                      ; 10 pF ; Not Available          ;
; 3.3V Schmitt Trigger Input ; 10 pF ; Not Available          ;
; 2.5V Schmitt Trigger Input ; 10 pF ; Not Available          ;
+----------------------------+-------+------------------------+
Note: User assignments will override these defaults. The user specified values are listed in the Output Pins and Bidir Pins tables.


+--------------------------------------------------------------------------------------------------------------------------------------------------------------------------------------------------------------------------------------------------------------------------------------------------------+
; Fitter Resource Utilization by Entity                                                                                                                                                                                                                                                                  ;
+-----------------------------------------------------------+-------------+--------------+------------+------+--------------+--------------+-------------------+------------------+-----------------+------------+------------------------------------------------------------------------+--------------+
; Compilation Hierarchy Node                                ; Logic Cells ; LC Registers ; UFM Blocks ; Pins ; Virtual Pins ; LUT-Only LCs ; Register-Only LCs ; LUT/Register LCs ; Carry Chain LCs ; Packed LCs ; Full Hierarchy Name                                                    ; Library Name ;
+-----------------------------------------------------------+-------------+--------------+------------+------+--------------+--------------+-------------------+------------------+-----------------+------------+------------------------------------------------------------------------+--------------+
; |GR8RAM                                                   ; 235 (235)   ; 96           ; 1          ; 68   ; 0            ; 139 (139)    ; 4 (4)             ; 92 (92)          ; 62 (62)         ; 18 (18)    ; |GR8RAM                                                                ; work         ;
;    |UFM:UFM_inst|                                         ; 0 (0)       ; 0            ; 1          ; 0    ; 0            ; 0 (0)        ; 0 (0)             ; 0 (0)            ; 0 (0)           ; 0 (0)      ; |GR8RAM|UFM:UFM_inst                                                   ; work         ;
;       |UFM_altufm_none_0ep:UFM_altufm_none_0ep_component| ; 0 (0)       ; 0            ; 1          ; 0    ; 0            ; 0 (0)        ; 0 (0)             ; 0 (0)            ; 0 (0)           ; 0 (0)      ; |GR8RAM|UFM:UFM_inst|UFM_altufm_none_0ep:UFM_altufm_none_0ep_component ; work         ;
+-----------------------------------------------------------+-------------+--------------+------------+------+--------------+--------------+-------------------+------------------+-----------------+------------+------------------------------------------------------------------------+--------------+
Note: For table entries with two numbers listed, the numbers in parentheses indicate the number of resources of the given type used by the specific entity alone. The numbers listed outside of parentheses indicate the total resources of the given type used by the specific entity and all of its sub-entities in the hierarchy.


+------------------------------------+
; Delay Chain Summary                ;
+---------+----------+---------------+
; Name    ; Pin Type ; Pad to Core 0 ;
+---------+----------+---------------+
; PHI0    ; Input    ; (1)           ;
; nWE     ; Input    ; (1)           ;
; nDEVSEL ; Input    ; (1)           ;
; nIOSTRB ; Input    ; (1)           ;
; nIOSEL  ; Input    ; (1)           ;
; C25M    ; Input    ; (0)           ;
; RA[1]   ; Input    ; (1)           ;
; RA[10]  ; Input    ; (1)           ;
; RA[2]   ; Input    ; (1)           ;
; RA[11]  ; Input    ; (1)           ;
; RA[3]   ; Input    ; (1)           ;
; RA[4]   ; Input    ; (1)           ;
; RA[5]   ; Input    ; (1)           ;
; RA[6]   ; Input    ; (1)           ;
; RA[7]   ; Input    ; (1)           ;
; RA[8]   ; Input    ; (1)           ;
; RA[9]   ; Input    ; (1)           ;
; RA[0]   ; Input    ; (1)           ;
; RA[14]  ; Input    ; (1)           ;
; RA[15]  ; Input    ; (1)           ;
; RA[12]  ; Input    ; (1)           ;
; RA[13]  ; Input    ; (1)           ;
; nRES    ; Input    ; (1)           ;
; MISO    ; Input    ; (1)           ;
; nRESout ; Output   ; --            ;
; RAdir   ; Output   ; --            ;
; RDdir   ; Output   ; --            ;
; SBA[0]  ; Output   ; --            ;
; SBA[1]  ; Output   ; --            ;
; SA[0]   ; Output   ; --            ;
; SA[1]   ; Output   ; --            ;
; SA[2]   ; Output   ; --            ;
; SA[3]   ; Output   ; --            ;
; SA[4]   ; Output   ; --            ;
; SA[5]   ; Output   ; --            ;
; SA[6]   ; Output   ; --            ;
; SA[7]   ; Output   ; --            ;
; SA[8]   ; Output   ; --            ;
; SA[9]   ; Output   ; --            ;
; SA[10]  ; Output   ; --            ;
; SA[11]  ; Output   ; --            ;
; SA[12]  ; Output   ; --            ;
; nRCS    ; Output   ; --            ;
; nRAS    ; Output   ; --            ;
; nCAS    ; Output   ; --            ;
; nSWE    ; Output   ; --            ;
; DQML    ; Output   ; --            ;
; DQMH    ; Output   ; --            ;
; RCKE    ; Output   ; --            ;
; nFCS    ; Output   ; --            ;
; FCK     ; Output   ; --            ;
; MOSI    ; Output   ; --            ;
; RD[0]   ; Bidir    ; (1)           ;
; RD[1]   ; Bidir    ; (1)           ;
; RD[2]   ; Bidir    ; (1)           ;
; RD[3]   ; Bidir    ; (1)           ;
; RD[4]   ; Bidir    ; (1)           ;
; RD[5]   ; Bidir    ; (1)           ;
; RD[6]   ; Bidir    ; (1)           ;
; RD[7]   ; Bidir    ; (1)           ;
; SD[0]   ; Bidir    ; (0)           ;
; SD[1]   ; Bidir    ; (0)           ;
; SD[2]   ; Bidir    ; (0)           ;
; SD[3]   ; Bidir    ; (0)           ;
; SD[4]   ; Bidir    ; (0)           ;
; SD[5]   ; Bidir    ; (0)           ;
; SD[6]   ; Bidir    ; (0)           ;
; SD[7]   ; Bidir    ; (0)           ;
+---------+----------+---------------+


+--------------------------------------------------------------------------------------------------------+
; Control Signals                                                                                        ;
+-------------+-------------+---------+---------------+--------+----------------------+------------------+
; Name        ; Location    ; Fan-Out ; Usage         ; Global ; Global Resource Used ; Global Line Name ;
+-------------+-------------+---------+---------------+--------+----------------------+------------------+
; ARCLK~8     ; LC_X7_Y1_N9 ; 2       ; Clock enable  ; no     ; --                   ; --               ;
; Addr[19]~16 ; LC_X4_Y3_N1 ; 7       ; Clock enable  ; no     ; --                   ; --               ;
; Addr[4]~4   ; LC_X4_Y3_N2 ; 8       ; Clock enable  ; no     ; --                   ; --               ;
; Addr[8]~2   ; LC_X4_Y3_N7 ; 8       ; Clock enable  ; no     ; --                   ; --               ;
; Bank[1]~1   ; LC_X2_Y3_N2 ; 2       ; Clock enable  ; no     ; --                   ; --               ;
; C25M        ; PIN_14      ; 96      ; Clock         ; yes    ; Global Clock         ; GCLK1            ;
; DRCLK~3     ; LC_X7_Y1_N5 ; 2       ; Clock enable  ; no     ; --                   ; --               ;
; MOSIOE      ; LC_X3_Y1_N9 ; 3       ; Output enable ; no     ; --                   ; --               ;
; PSStart~1   ; LC_X7_Y3_N4 ; 16      ; Clock enable  ; no     ; --                   ; --               ;
; SDOE        ; LC_X2_Y1_N0 ; 8       ; Output enable ; no     ; --                   ; --               ;
; always17~0  ; LC_X2_Y1_N4 ; 2       ; Clock enable  ; no     ; --                   ; --               ;
; nRESr       ; LC_X7_Y3_N1 ; 31      ; Sync. clear   ; no     ; --                   ; --               ;
+-------------+-------------+---------+---------------+--------+----------------------+------------------+


+---------------------------------------------------------------------+
; Global & Other Fast Signals                                         ;
+------+----------+---------+----------------------+------------------+
; Name ; Location ; Fan-Out ; Global Resource Used ; Global Line Name ;
+------+----------+---------+----------------------+------------------+
; C25M ; PIN_14   ; 96      ; Global Clock         ; GCLK1            ;
+------+----------+---------+----------------------+------------------+


+---------------------------------+
; Non-Global High Fan-Out Signals ;
+-------------------+-------------+
; Name              ; Fan-Out     ;
+-------------------+-------------+
; nRESr             ; 31          ;
; RAMSpecSEL~4      ; 19          ;
; Amux[1]           ; 19          ;
; Amux[0]           ; 18          ;
; Amux[2]           ; 17          ;
; PSStart~1         ; 16          ;
; PS[1]             ; 15          ;
; PS[0]             ; 15          ;
; RAcur[0]          ; 14          ;
; PS[2]             ; 12          ;
; Addr[19]~10       ; 11          ;
; Addr[4]~3         ; 11          ;
; always10~0        ; 11          ;
; LS[1]             ; 10          ;
; LS[4]             ; 9           ;
; comb~2            ; 9           ;
; SDOE              ; 8           ;
; Addr[4]~4         ; 8           ;
; Addr[8]~2         ; 8           ;
; LS[6]             ; 8           ;
; LS[5]             ; 8           ;
; nRESout~reg0      ; 8           ;
; Addr[19]~16       ; 7           ;
; LS[3]             ; 7           ;
; RAMSpecSEL~1      ; 6           ;
; Equal5~0          ; 6           ;
; SetLoaded         ; 5           ;
; Add1~112          ; 5           ;
; Add2~47           ; 5           ;
; nWEcur            ; 5           ;
; Add1~57           ; 5           ;
; Add2~22           ; 5           ;
; Add1~42           ; 5           ;
; RAMSpecSEL~3      ; 5           ;
; Add1~2            ; 5           ;
; LS[8]~29          ; 5           ;
; LS[15]            ; 5           ;
; LS[14]            ; 5           ;
; LS[13]            ; 5           ;
; LS[12]            ; 5           ;
; LS[2]             ; 5           ;
; LS[3]~1           ; 5           ;
; Equal43~1         ; 5           ;
; RD[7]~7           ; 4           ;
; RD[1]~1           ; 4           ;
; RD[0]~0           ; 4           ;
; Equal10~0         ; 4           ;
; Addr[22]          ; 4           ;
; Addr[21]          ; 4           ;
; Addr[20]          ; 4           ;
; Addr[19]          ; 4           ;
; Addr[18]          ; 4           ;
; Addr[17]          ; 4           ;
; Addr[16]          ; 4           ;
; RAcur[1]          ; 4           ;
; LS[13]~21         ; 4           ;
; LS[0]             ; 4           ;
; Addr[7]           ; 4           ;
; Addr[15]          ; 4           ;
; RD[6]~6           ; 3           ;
; RD[5]~5           ; 3           ;
; RD[4]~4           ; 3           ;
; RD[3]~3           ; 3           ;
; RD[2]~2           ; 3           ;
; ARCLK~6           ; 3           ;
; MOSIOE            ; 3           ;
; Mux0~0            ; 3           ;
; Add3~17           ; 3           ;
; Add2~57           ; 3           ;
; always10~1        ; 3           ;
; RAcur[2]          ; 3           ;
; RAcur[3]          ; 3           ;
; RACr              ; 3           ;
; LS[10]            ; 3           ;
; LS[9]             ; 3           ;
; LS[8]             ; 3           ;
; LS[7]             ; 3           ;
; DRCLK~0           ; 3           ;
; ARCLK~0           ; 3           ;
; LS[11]            ; 3           ;
; LS[17]            ; 3           ;
; LS[16]            ; 3           ;
; Addr[9]           ; 3           ;
; Addr[8]           ; 3           ;
; Addr[14]          ; 3           ;
; Addr[13]          ; 3           ;
; Addr[12]          ; 3           ;
; Addr[11]          ; 3           ;
; Addr[10]          ; 3           ;
; REGEN             ; 3           ;
; nIOSEL            ; 2           ;
; nIOSTRB           ; 2           ;
; nDEVSEL           ; 2           ;
; nWE               ; 2           ;
; PHI0              ; 2           ;
; always17~0        ; 2           ;
; ARCLK~8           ; 2           ;
; DRCLK~3           ; 2           ;
; DRCLK~2           ; 2           ;
; ARCLK~3           ; 2           ;
; MOSIout           ; 2           ;
; FCKEN             ; 2           ;
; Equal12~0         ; 2           ;
; FCS~0             ; 2           ;
; Equal10~1         ; 2           ;
; MOSIout~1         ; 2           ;
; ARCLK~2           ; 2           ;
; Mux0~4            ; 2           ;
; Mux0~3            ; 2           ;
; Mux2~0            ; 2           ;
; RefReqd           ; 2           ;
; Add1~97           ; 2           ;
; Bank[1]~1         ; 2           ;
; DEVSELr           ; 2           ;
; RAcur[7]          ; 2           ;
; RAMSpecSEL~2      ; 2           ;
; ROMSpecRD         ; 2           ;
; RAcur[10]         ; 2           ;
; always9~3         ; 2           ;
; always9~0         ; 2           ;
; RAMSpecSEL~0      ; 2           ;
; IOSELr            ; 2           ;
; Equal0~3          ; 2           ;
; Equal0~1          ; 2           ;
; FCS               ; 2           ;
; RCKE~reg0         ; 2           ;
; DQML~1            ; 2           ;
; DQML~0            ; 2           ;
; Addr[0]           ; 2           ;
; RAcur[9]          ; 2           ;
; RAcur[8]          ; 2           ;
; Addr[6]           ; 2           ;
; Addr[5]           ; 2           ;
; Addr[4]           ; 2           ;
; Addr[3]           ; 2           ;
; Addr[2]           ; 2           ;
; Addr[1]           ; 2           ;
; IOROMEN           ; 2           ;
; MISO              ; 1           ;
; nRES              ; 1           ;
; RA[13]            ; 1           ;
; RA[12]            ; 1           ;
; RA[15]            ; 1           ;
; RA[14]            ; 1           ;
; RA[0]             ; 1           ;
; RA[9]             ; 1           ;
; RA[8]             ; 1           ;
; RA[7]             ; 1           ;
; RA[6]             ; 1           ;
; RA[5]             ; 1           ;
; RA[4]             ; 1           ;
; RA[3]             ; 1           ;
; RA[11]            ; 1           ;
; RA[2]             ; 1           ;
; RA[10]            ; 1           ;
; RA[1]             ; 1           ;
; ~GND              ; 1           ;
; WRD[7]            ; 1           ;
; WRD[6]            ; 1           ;
; Equal37~0         ; 1           ;
; MOSIout~3         ; 1           ;
; MOSIout~2         ; 1           ;
; Equal13~0         ; 1           ;
; DEVSELr0          ; 1           ;
; nRESr0            ; 1           ;
; IOSTRBr0          ; 1           ;
; IOSELr0           ; 1           ;
; PHI0r0            ; 1           ;
; ARCLK~5           ; 1           ;
; ARCLK~4           ; 1           ;
; DRShift~0         ; 1           ;
; FCS~1             ; 1           ;
; MOSIout~0         ; 1           ;
; ARCLK~1           ; 1           ;
; Add1~110          ; 1           ;
; Mux2~1            ; 1           ;
; Equal5~1          ; 1           ;
; Mux0~2            ; 1           ;
; Mux0~1            ; 1           ;
; Add1~105          ; 1           ;
; Addr~29           ; 1           ;
; Add2~70           ; 1           ;
; Add3~30           ; 1           ;
; Add1~102COUT1_166 ; 1           ;
; Add1~102          ; 1           ;
; Add1~100          ; 1           ;
; Addr~27           ; 1           ;
; Add3~27COUT1_50   ; 1           ;
; Add3~27           ; 1           ;
; Add3~25           ; 1           ;
; Add2~67COUT1_108  ; 1           ;
; Add2~67           ; 1           ;
; Add2~65           ; 1           ;
; Add1~95           ; 1           ;
; Addr~25           ; 1           ;
; Add2~62COUT1_106  ; 1           ;
; Add2~62           ; 1           ;
; Add2~60           ; 1           ;
; Add3~22COUT1_48   ; 1           ;
; Add3~22           ; 1           ;
; Add3~20           ; 1           ;
; Add1~92COUT1_164  ; 1           ;
; Add1~92           ; 1           ;
; Add1~90           ; 1           ;
; Addr~23           ; 1           ;
; Add3~15           ; 1           ;
; Add2~55           ; 1           ;
; Add1~87COUT1_162  ; 1           ;
; Add1~87           ; 1           ;
; Add1~85           ; 1           ;
; Addr~21           ; 1           ;
; Add2~52COUT1_104  ; 1           ;
; Add2~52           ; 1           ;
; Add2~50           ; 1           ;
; Add3~12COUT1_46   ; 1           ;
; Add3~12           ; 1           ;
; Add3~10           ; 1           ;
; Add1~82COUT1_148  ; 1           ;
; Add1~82           ; 1           ;
; Add1~80           ; 1           ;
; Addr~20           ; 1           ;
; Add2~45           ; 1           ;
; Add1~77COUT1_160  ; 1           ;
; Add1~77           ; 1           ;
; Add1~75           ; 1           ;
; Addr~18           ; 1           ;
; Add3~7COUT1_44    ; 1           ;
; Add3~7            ; 1           ;
; Add3~5            ; 1           ;
; Add2~42COUT1_102  ; 1           ;
; Add2~42           ; 1           ;
; Add2~40           ; 1           ;
; Add1~72COUT1_146  ; 1           ;
; Add1~72           ; 1           ;
; Add1~70           ; 1           ;
; Addr~17           ; 1           ;
; Add2~37COUT1_88   ; 1           ;
; Add2~37           ; 1           ;
; Add2~35           ; 1           ;
; Addr[19]~15       ; 1           ;
; Addr[19]~14       ; 1           ;
; Addr[19]~13       ; 1           ;
; Add1~67COUT1_158  ; 1           ;
; Add1~67           ; 1           ;
; Add1~65           ; 1           ;
; Addr~11           ; 1           ;
; Add2~32COUT1_100  ; 1           ;
; Add2~32           ; 1           ;
; Add2~30           ; 1           ;
; Add3~2COUT1_42    ; 1           ;
; Add3~2            ; 1           ;
; Add3~0            ; 1           ;
; Add1~62COUT1_144  ; 1           ;
; Add1~62           ; 1           ;
; Add1~60           ; 1           ;
; Add1~55           ; 1           ;
; Addr~9            ; 1           ;
; Add2~27COUT1_98   ; 1           ;
; Add2~27           ; 1           ;
; Add2~25           ; 1           ;
; Add1~52COUT1_142  ; 1           ;
; Add1~52           ; 1           ;
; Add1~50           ; 1           ;
; Add1~47COUT1_156  ; 1           ;
; Add1~47           ; 1           ;
; Add1~45           ; 1           ;
; Addr~8            ; 1           ;
; Add2~20           ; 1           ;
; Add1~40           ; 1           ;
; Add1~37COUT1_140  ; 1           ;
; Add1~37           ; 1           ;
; Add1~35           ; 1           ;
; Add1~32COUT1_154  ; 1           ;
; Add1~32           ; 1           ;
; Add1~30           ; 1           ;
; Addr~7            ; 1           ;
; Add2~17COUT1_96   ; 1           ;
; Add2~17           ; 1           ;
; Add2~15           ; 1           ;
; Add1~27COUT1_138  ; 1           ;
; Add1~27           ; 1           ;
; Add1~25           ; 1           ;
; Add1~22COUT1_152  ; 1           ;
; Add1~22           ; 1           ;
; Add1~20           ; 1           ;
; Addr~6            ; 1           ;
; Add2~12COUT1_94   ; 1           ;
; Add2~12           ; 1           ;
; Add2~10           ; 1           ;
; Add1~17COUT1_136  ; 1           ;
; Add1~17           ; 1           ;
; Add1~15           ; 1           ;
; Add1~12COUT1_150  ; 1           ;
; Add1~12           ; 1           ;
; Add1~10           ; 1           ;
; Addr~5            ; 1           ;
; Add2~7COUT1_92    ; 1           ;
; Add2~7            ; 1           ;
; Add2~5            ; 1           ;
; Add1~7COUT1_134   ; 1           ;
; Add1~7            ; 1           ;
; Add1~5            ; 1           ;
; Addr[8]~1         ; 1           ;
; Add1~0            ; 1           ;
; Addr~0            ; 1           ;
; Add2~2COUT1_90    ; 1           ;
; Add2~2            ; 1           ;
; Add2~0            ; 1           ;
; PHI0r1            ; 1           ;
; PSStart~0         ; 1           ;
; RAcur[4]          ; 1           ;
; always9~2         ; 1           ;
; always9~1         ; 1           ;
; Equal0~2          ; 1           ;
; LS[10]~33COUT1_64 ; 1           ;
; LS[10]~33         ; 1           ;
; LS[9]~31COUT1_62  ; 1           ;
; LS[9]~31          ; 1           ;
; LS[7]~27COUT1_60  ; 1           ;
; LS[7]~27          ; 1           ;
; LS[15]~25COUT1_72 ; 1           ;
; LS[15]~25         ; 1           ;
; LS[14]~23COUT1_70 ; 1           ;
; LS[14]~23         ; 1           ;
; LS[12]~19COUT1_68 ; 1           ;
; LS[12]~19         ; 1           ;
; LS[6]~17COUT1_58  ; 1           ;
; LS[6]~17          ; 1           ;
; LS[5]~15COUT1_56  ; 1           ;
; LS[5]~15          ; 1           ;
; LS[4]~13COUT1_54  ; 1           ;
; LS[4]~13          ; 1           ;
; LS[2]~11COUT1_52  ; 1           ;
; LS[2]~11          ; 1           ;
; Equal0~0          ; 1           ;
; LS[11]~9COUT1_66  ; 1           ;
; LS[11]~9          ; 1           ;
; LS[16]~5COUT1_74  ; 1           ;
; LS[16]~5          ; 1           ;
; LS[1]~3COUT1_50   ; 1           ;
; LS[1]~3           ; 1           ;
; ARShift           ; 1           ;
; ARCLK             ; 1           ;
; DRShift           ; 1           ;
; DRCLK             ; 1           ;
; FCK~reg0          ; 1           ;
; DQMH~0            ; 1           ;
; DQML~2            ; 1           ;
; nSWE~reg0         ; 1           ;
; nCAS~reg0         ; 1           ;
; nRAS~reg0         ; 1           ;
; nRCS~reg0         ; 1           ;
; SA~25             ; 1           ;
; SA~24             ; 1           ;
; SA~23             ; 1           ;
; SA~22             ; 1           ;
; SA~21             ; 1           ;
; SA~20             ; 1           ;
; SA~19             ; 1           ;
; SA~18             ; 1           ;
; SA~17             ; 1           ;
; SA~16             ; 1           ;
; SA~15             ; 1           ;
; RAcur[6]          ; 1           ;
; SA~14             ; 1           ;
; SA~13             ; 1           ;
; RAcur[5]          ; 1           ;
; SA~12             ; 1           ;
; SA~11             ; 1           ;
; SA~10             ; 1           ;
; SA~9              ; 1           ;
; Bank[1]           ; 1           ;
; SA~8              ; 1           ;
; SA~7              ; 1           ;
; SA~6              ; 1           ;
; Bank[0]           ; 1           ;
; SA~5              ; 1           ;
; SA~4              ; 1           ;
; RAcur[11]         ; 1           ;
; SA~3              ; 1           ;
; SA~2              ; 1           ;
; SA~1              ; 1           ;
; SA~0              ; 1           ;
; Equal43~0         ; 1           ;
; PHI0r2            ; 1           ;
; comb~1            ; 1           ;
; comb~0            ; 1           ;
+-------------------+-------------+


+--------------------------------------------------+
; Other Routing Usage Summary                      ;
+-----------------------------+--------------------+
; Other Routing Resource Type ; Usage              ;
+-----------------------------+--------------------+
; C4s                         ; 171 / 784 ( 22 % ) ;
; Direct links                ; 69 / 888 ( 8 % )   ;
; Global clocks               ; 1 / 4 ( 25 % )     ;
; LAB clocks                  ; 6 / 32 ( 19 % )    ;
; LUT chains                  ; 19 / 216 ( 9 % )   ;
; Local interconnects         ; 400 / 888 ( 45 % ) ;
; R4s                         ; 245 / 704 ( 35 % ) ;
+-----------------------------+--------------------+


+---------------------------------------------------------------------------+
; LAB Logic Elements                                                        ;
+--------------------------------------------+------------------------------+
; Number of Logic Elements  (Average = 9.79) ; Number of LABs  (Total = 24) ;
+--------------------------------------------+------------------------------+
; 1                                          ; 0                            ;
; 2                                          ; 0                            ;
; 3                                          ; 0                            ;
; 4                                          ; 0                            ;
; 5                                          ; 0                            ;
; 6                                          ; 0                            ;
; 7                                          ; 1                            ;
; 8                                          ; 0                            ;
; 9                                          ; 2                            ;
; 10                                         ; 21                           ;
+--------------------------------------------+------------------------------+


+-------------------------------------------------------------------+
; LAB-wide Signals                                                  ;
+------------------------------------+------------------------------+
; LAB-wide Signals  (Average = 1.79) ; Number of LABs  (Total = 24) ;
+------------------------------------+------------------------------+
; 1 Clock                            ; 22                           ;
; 1 Clock enable                     ; 8                            ;
; 1 Sync. clear                      ; 10                           ;
; 2 Clock enables                    ; 3                            ;
+------------------------------------+------------------------------+


+-----------------------------------------------------------------------------+
; LAB Signals Sourced                                                         ;
+----------------------------------------------+------------------------------+
; Number of Signals Sourced  (Average = 10.50) ; Number of LABs  (Total = 24) ;
+----------------------------------------------+------------------------------+
; 0                                            ; 0                            ;
; 1                                            ; 0                            ;
; 2                                            ; 0                            ;
; 3                                            ; 0                            ;
; 4                                            ; 0                            ;
; 5                                            ; 0                            ;
; 6                                            ; 0                            ;
; 7                                            ; 1                            ;
; 8                                            ; 0                            ;
; 9                                            ; 2                            ;
; 10                                           ; 17                           ;
; 11                                           ; 0                            ;
; 12                                           ; 0                            ;
; 13                                           ; 1                            ;
; 14                                           ; 2                            ;
; 15                                           ; 0                            ;
; 16                                           ; 1                            ;
+----------------------------------------------+------------------------------+


+--------------------------------------------------------------------------------+
; LAB Signals Sourced Out                                                        ;
+-------------------------------------------------+------------------------------+
; Number of Signals Sourced Out  (Average = 7.63) ; Number of LABs  (Total = 24) ;
+-------------------------------------------------+------------------------------+
; 0                                               ; 0                            ;
; 1                                               ; 0                            ;
; 2                                               ; 0                            ;
; 3                                               ; 0                            ;
; 4                                               ; 2                            ;
; 5                                               ; 1                            ;
; 6                                               ; 4                            ;
; 7                                               ; 5                            ;
; 8                                               ; 5                            ;
; 9                                               ; 2                            ;
; 10                                              ; 4                            ;
; 11                                              ; 0                            ;
; 12                                              ; 0                            ;
; 13                                              ; 1                            ;
+-------------------------------------------------+------------------------------+


+-----------------------------------------------------------------------------+
; LAB Distinct Inputs                                                         ;
+----------------------------------------------+------------------------------+
; Number of Distinct Inputs  (Average = 15.25) ; Number of LABs  (Total = 24) ;
+----------------------------------------------+------------------------------+
; 0                                            ; 0                            ;
; 1                                            ; 0                            ;
; 2                                            ; 1                            ;
; 3                                            ; 0                            ;
; 4                                            ; 0                            ;
; 5                                            ; 1                            ;
; 6                                            ; 0                            ;
; 7                                            ; 0                            ;
; 8                                            ; 0                            ;
; 9                                            ; 0                            ;
; 10                                           ; 1                            ;
; 11                                           ; 1                            ;
; 12                                           ; 2                            ;
; 13                                           ; 1                            ;
; 14                                           ; 2                            ;
; 15                                           ; 2                            ;
; 16                                           ; 3                            ;
; 17                                           ; 1                            ;
; 18                                           ; 2                            ;
; 19                                           ; 1                            ;
; 20                                           ; 3                            ;
; 21                                           ; 3                            ;
+----------------------------------------------+------------------------------+


+-------------------------------------------------------------------------+
; Fitter Device Options                                                   ;
+----------------------------------------------+--------------------------+
; Option                                       ; Setting                  ;
+----------------------------------------------+--------------------------+
; Enable user-supplied start-up clock (CLKUSR) ; Off                      ;
; Enable device-wide reset (DEV_CLRn)          ; Off                      ;
; Enable device-wide output enable (DEV_OE)    ; Off                      ;
; Enable INIT_DONE output                      ; Off                      ;
; Configuration scheme                         ; Passive Serial           ;
; Reserve all unused pins                      ; As output driving ground ;
; Base pin-out file on sameframe device        ; Off                      ;
+----------------------------------------------+--------------------------+


+-----------------+
; Fitter Messages ;
+-----------------+
Info (20030): Parallel compilation is enabled and will use 2 of the 2 processors detected
Info (119006): Selected device EPM240T100C5 for design "GR8RAM"
Info (21077): Low junction temperature is 0 degrees C
Info (21077): High junction temperature is 85 degrees C
Info (171004): Fitter is performing a Standard Fit compilation using maximum Fitter effort to optimize design performance
Warning (292013): Feature LogicLock is only available with a valid subscription license. You can purchase a software subscription to gain full access to this feature.
Info (176444): Device migration not selected. If you intend to use device migration later, you may need to change the pin assignments as they may be incompatible with other devices
    Info (176445): Device EPM240T100I5 is compatible
    Info (176445): Device EPM240T100A5 is compatible
    Info (176445): Device EPM570T100C5 is compatible
    Info (176445): Device EPM570T100I5 is compatible
    Info (176445): Device EPM570T100A5 is compatible
Critical Warning (169085): No exact pin location assignment(s) for 68 pins of 68 total pins
    Info (169086): Pin nRESout not assigned to an exact location on the device
    Info (169086): Pin RAdir not assigned to an exact location on the device
    Info (169086): Pin RDdir not assigned to an exact location on the device
    Info (169086): Pin SBA[0] not assigned to an exact location on the device
    Info (169086): Pin SBA[1] not assigned to an exact location on the device
    Info (169086): Pin SA[0] not assigned to an exact location on the device
    Info (169086): Pin SA[1] not assigned to an exact location on the device
    Info (169086): Pin SA[2] not assigned to an exact location on the device
    Info (169086): Pin SA[3] not assigned to an exact location on the device
    Info (169086): Pin SA[4] not assigned to an exact location on the device
    Info (169086): Pin SA[5] not assigned to an exact location on the device
    Info (169086): Pin SA[6] not assigned to an exact location on the device
    Info (169086): Pin SA[7] not assigned to an exact location on the device
    Info (169086): Pin SA[8] not assigned to an exact location on the device
    Info (169086): Pin SA[9] not assigned to an exact location on the device
    Info (169086): Pin SA[10] not assigned to an exact location on the device
    Info (169086): Pin SA[11] not assigned to an exact location on the device
    Info (169086): Pin SA[12] not assigned to an exact location on the device
    Info (169086): Pin nRCS not assigned to an exact location on the device
    Info (169086): Pin nRAS not assigned to an exact location on the device
    Info (169086): Pin nCAS not assigned to an exact location on the device
    Info (169086): Pin nSWE not assigned to an exact location on the device
    Info (169086): Pin DQML not assigned to an exact location on the device
    Info (169086): Pin DQMH not assigned to an exact location on the device
    Info (169086): Pin RCKE not assigned to an exact location on the device
    Info (169086): Pin nFCS not assigned to an exact location on the device
    Info (169086): Pin FCK not assigned to an exact location on the device
    Info (169086): Pin MOSI not assigned to an exact location on the device
    Info (169086): Pin RD[0] not assigned to an exact location on the device
    Info (169086): Pin RD[1] not assigned to an exact location on the device
    Info (169086): Pin RD[2] not assigned to an exact location on the device
    Info (169086): Pin RD[3] not assigned to an exact location on the device
    Info (169086): Pin RD[4] not assigned to an exact location on the device
    Info (169086): Pin RD[5] not assigned to an exact location on the device
    Info (169086): Pin RD[6] not assigned to an exact location on the device
    Info (169086): Pin RD[7] not assigned to an exact location on the device
    Info (169086): Pin SD[0] not assigned to an exact location on the device
    Info (169086): Pin SD[1] not assigned to an exact location on the device
    Info (169086): Pin SD[2] not assigned to an exact location on the device
    Info (169086): Pin SD[3] not assigned to an exact location on the device
    Info (169086): Pin SD[4] not assigned to an exact location on the device
    Info (169086): Pin SD[5] not assigned to an exact location on the device
    Info (169086): Pin SD[6] not assigned to an exact location on the device
    Info (169086): Pin SD[7] not assigned to an exact location on the device
    Info (169086): Pin PHI0 not assigned to an exact location on the device
    Info (169086): Pin nWE not assigned to an exact location on the device
    Info (169086): Pin nDEVSEL not assigned to an exact location on the device
    Info (169086): Pin nIOSTRB not assigned to an exact location on the device
    Info (169086): Pin nIOSEL not assigned to an exact location on the device
    Info (169086): Pin C25M not assigned to an exact location on the device
    Info (169086): Pin RA[1] not assigned to an exact location on the device
    Info (169086): Pin RA[10] not assigned to an exact location on the device
    Info (169086): Pin RA[2] not assigned to an exact location on the device
    Info (169086): Pin RA[11] not assigned to an exact location on the device
    Info (169086): Pin RA[3] not assigned to an exact location on the device
    Info (169086): Pin RA[4] not assigned to an exact location on the device
    Info (169086): Pin RA[5] not assigned to an exact location on the device
    Info (169086): Pin RA[6] not assigned to an exact location on the device
    Info (169086): Pin RA[7] not assigned to an exact location on the device
    Info (169086): Pin RA[8] not assigned to an exact location on the device
    Info (169086): Pin RA[9] not assigned to an exact location on the device
    Info (169086): Pin RA[0] not assigned to an exact location on the device
    Info (169086): Pin RA[14] not assigned to an exact location on the device
    Info (169086): Pin RA[15] not assigned to an exact location on the device
    Info (169086): Pin RA[12] not assigned to an exact location on the device
    Info (169086): Pin RA[13] not assigned to an exact location on the device
    Info (169086): Pin nRES not assigned to an exact location on the device
    Info (169086): Pin MISO not assigned to an exact location on the device
Critical Warning (332012): Synopsys Design Constraints File file not found: 'GR8RAM.sdc'. A Synopsys Design Constraints File is required by the TimeQuest Timing Analyzer to get proper timing constraints. Without it, the Compiler will not properly optimize the design.
Info (332144): No user constrained base clocks found in the design
Info (332128): Timing requirements not specified -- optimizing circuit to achieve the following default global requirements
    Info (332127): Assuming a default timing requirement
Info (332111): Found 1 clocks
    Info (332111):   Period   Clock Name
    Info (332111): ======== ============
    Info (332111):    1.000         C25M
Info (186079): Completed User Assigned Global Signals Promotion Operation
Info (186215): Automatically promoted signal "C25M" to use Global clock in PIN 14
Info (186079): Completed Auto Global Promotion Operation
Info (176234): Starting register packing
Info (186391): Fitter is using Normal packing mode for logic elements with Auto setting for Auto Packed Registers logic option
Info (186468): Started processing fast register assignments
Info (186469): Finished processing fast register assignments
Info (176235): Finished register packing
Info (176214): Statistics of I/O pins that need to be placed that use the same VCCIO and VREF, before I/O pin placement
    Info (176211): Number of I/O pins in group: 67 (unused VREF, 3.3V VCCIO, 23 input, 28 output, 16 bidirectional)
        Info (176212): I/O standards used: 3.3-V LVTTL.
Info (176215): I/O bank details before I/O pin placement
    Info (176214): Statistics of I/O banks
        Info (176213): I/O bank number 1 does not use VREF pins and has undetermined VCCIO pins. 1 total pin(s) used --  37 pins available
        Info (176213): I/O bank number 2 does not use VREF pins and has undetermined VCCIO pins. 0 total pin(s) used --  42 pins available
Info (171121): Fitter preparation operations ending: elapsed time is 00:00:01
Info (170189): Fitter placement preparation operations beginning
Info (170190): Fitter placement preparation operations ending: elapsed time is 00:00:00
Info (170191): Fitter placement operations beginning
Info (170137): Fitter placement was successful
Info (170192): Fitter placement operations ending: elapsed time is 00:00:03
Info (170193): Fitter routing operations beginning
Info (170195): Router estimated average interconnect usage is 27% of the available device resources
    Info (170196): Router estimated peak interconnect usage is 27% of the available device resources in the region that extends from location X0_Y0 to location X8_Y5
Info (170194): Fitter routing operations ending: elapsed time is 00:00:01
Info (11888): Total time spent on timing analysis during the Fitter is 0.39 seconds.
Info (11218): Fitter post-fit operations ending: elapsed time is 00:00:00
Warning (169174): The Reserve All Unused Pins setting has not been specified, and will default to 'As output driving ground'.
Info (144001): Generated suppressed messages file Z:/Repos/GR8RAM/cpld/output_files/GR8RAM.fit.smsg
Info: Quartus II 32-bit Fitter was successful. 0 errors, 4 warnings
    Info: Peak virtual memory: 373 megabytes
    Info: Processing ended: Fri Mar 19 07:33:11 2021
    Info: Elapsed time: 00:00:10
    Info: Total CPU time (on all processors): 00:00:09


+----------------------------+
; Fitter Suppressed Messages ;
+----------------------------+
The suppressed messages can be found in Z:/Repos/GR8RAM/cpld/output_files/GR8RAM.fit.smsg.


