Analysis & Synthesis report for GR8RAM
Fri Mar 19 02:55:50 2021
Quartus II 32-bit Version 13.0.1 Build 232 06/12/2013 Service Pack 1 SJ Web Edition


---------------------
; Table of Contents ;
---------------------
  1. Legal Notice
  2. Analysis & Synthesis Summary
  3. Analysis & Synthesis Settings
  4. Parallel Compilation
  5. Analysis & Synthesis Source Files Read
  6. Analysis & Synthesis Resource Usage Summary
  7. Analysis & Synthesis Resource Utilization by Entity
  8. Analysis & Synthesis IP Cores Summary
  9. Registers Removed During Synthesis
 10. General Register Statistics
 11. Inverted Register Statistics
 12. Multiplexer Restructuring Statistics (Restructuring Performed)
 13. Port Connectivity Checks: "UFM:UFM_inst"
 14. Analysis & Synthesis Messages
 15. Analysis & Synthesis Suppressed Messages



----------------
; Legal Notice ;
----------------
Copyright (C) 1991-2013 Altera Corporation
Your use of Altera Corporation's design tools, logic functions 
and other software and tools, and its AMPP partner logic 
functions, and any output files from any of the foregoing 
(including device programming or simulation files), and any 
associated documentation or information are expressly subject 
to the terms and conditions of the Altera Program License 
Subscription Agreement, Altera MegaCore Function License 
Agreement, or other applicable license agreement, including, 
without limitation, that your use is for the sole purpose of 
programming logic devices manufactured by Altera and sold by 
Altera or its authorized distributors.  Please refer to the 
applicable agreement for further details.



+-------------------------------------------------------------------------------+
; Analysis & Synthesis Summary                                                  ;
+-----------------------------+-------------------------------------------------+
; Analysis & Synthesis Status ; Successful - Fri Mar 19 02:55:50 2021           ;
; Quartus II 32-bit Version   ; 13.0.1 Build 232 06/12/2013 SP 1 SJ Web Edition ;
; Revision Name               ; GR8RAM                                          ;
; Top-level Entity Name       ; GR8RAM                                          ;
; Family                      ; MAX II                                          ;
; Total logic elements        ; 343                                             ;
; Total pins                  ; 73                                              ;
; Total virtual pins          ; 0                                               ;
; UFM blocks                  ; 1 / 1 ( 100 % )                                 ;
+-----------------------------+-------------------------------------------------+


+----------------------------------------------------------------------------------------------------------------------+
; Analysis & Synthesis Settings                                                                                        ;
+----------------------------------------------------------------------------+--------------------+--------------------+
; Option                                                                     ; Setting            ; Default Value      ;
+----------------------------------------------------------------------------+--------------------+--------------------+
; Device                                                                     ; EPM240T100C5       ;                    ;
; Top-level entity name                                                      ; GR8RAM             ; GR8RAM             ;
; Family name                                                                ; MAX II             ; Cyclone IV GX      ;
; Optimization Technique                                                     ; Area               ; Balanced           ;
; Use smart compilation                                                      ; Off                ; Off                ;
; Enable parallel Assembler and TimeQuest Timing Analyzer during compilation ; On                 ; On                 ;
; Enable compact report table                                                ; Off                ; Off                ;
; Restructure Multiplexers                                                   ; Auto               ; Auto               ;
; Create Debugging Nodes for IP Cores                                        ; Off                ; Off                ;
; Preserve fewer node names                                                  ; On                 ; On                 ;
; Disable OpenCore Plus hardware evaluation                                  ; Off                ; Off                ;
; Verilog Version                                                            ; Verilog_2001       ; Verilog_2001       ;
; VHDL Version                                                               ; VHDL_1993          ; VHDL_1993          ;
; State Machine Processing                                                   ; Auto               ; Auto               ;
; Safe State Machine                                                         ; Off                ; Off                ;
; Extract Verilog State Machines                                             ; On                 ; On                 ;
; Extract VHDL State Machines                                                ; On                 ; On                 ;
; Ignore Verilog initial constructs                                          ; Off                ; Off                ;
; Iteration limit for constant Verilog loops                                 ; 5000               ; 5000               ;
; Iteration limit for non-constant Verilog loops                             ; 250                ; 250                ;
; Add Pass-Through Logic to Inferred RAMs                                    ; On                 ; On                 ;
; Infer RAMs from Raw Logic                                                  ; On                 ; On                 ;
; Parallel Synthesis                                                         ; On                 ; On                 ;
; NOT Gate Push-Back                                                         ; On                 ; On                 ;
; Power-Up Don't Care                                                        ; On                 ; On                 ;
; Remove Redundant Logic Cells                                               ; Off                ; Off                ;
; Remove Duplicate Registers                                                 ; On                 ; On                 ;
; Ignore CARRY Buffers                                                       ; Off                ; Off                ;
; Ignore CASCADE Buffers                                                     ; Off                ; Off                ;
; Ignore GLOBAL Buffers                                                      ; Off                ; Off                ;
; Ignore ROW GLOBAL Buffers                                                  ; Off                ; Off                ;
; Ignore LCELL Buffers                                                       ; Off                ; Off                ;
; Ignore SOFT Buffers                                                        ; On                 ; On                 ;
; Limit AHDL Integers to 32 Bits                                             ; Off                ; Off                ;
; Carry Chain Length                                                         ; 70                 ; 70                 ;
; Auto Carry Chains                                                          ; On                 ; On                 ;
; Auto Open-Drain Pins                                                       ; On                 ; On                 ;
; Perform WYSIWYG Primitive Resynthesis                                      ; Off                ; Off                ;
; Auto Shift Register Replacement                                            ; Auto               ; Auto               ;
; Allow Shift Register Merging across Hierarchies                            ; Auto               ; Auto               ;
; Auto Clock Enable Replacement                                              ; On                 ; On                 ;
; Allow Synchronous Control Signals                                          ; On                 ; On                 ;
; Force Use of Synchronous Clear Signals                                     ; Off                ; Off                ;
; Auto Resource Sharing                                                      ; Off                ; Off                ;
; Use LogicLock Constraints during Resource Balancing                        ; On                 ; On                 ;
; Ignore translate_off and synthesis_off directives                          ; Off                ; Off                ;
; Report Parameter Settings                                                  ; On                 ; On                 ;
; Report Source Assignments                                                  ; On                 ; On                 ;
; Report Connectivity Checks                                                 ; On                 ; On                 ;
; Ignore Maximum Fan-Out Assignments                                         ; Off                ; Off                ;
; Synchronization Register Chain Length                                      ; 2                  ; 2                  ;
; PowerPlay Power Optimization                                               ; Normal compilation ; Normal compilation ;
; HDL message level                                                          ; Level2             ; Level2             ;
; Suppress Register Optimization Related Messages                            ; Off                ; Off                ;
; Number of Removed Registers Reported in Synthesis Report                   ; 5000               ; 5000               ;
; Number of Swept Nodes Reported in Synthesis Report                         ; 5000               ; 5000               ;
; Number of Inverted Registers Reported in Synthesis Report                  ; 100                ; 100                ;
; Clock MUX Protection                                                       ; On                 ; On                 ;
; Block Design Naming                                                        ; Auto               ; Auto               ;
; Synthesis Effort                                                           ; Auto               ; Auto               ;
; Shift Register Replacement - Allow Asynchronous Clear Signal               ; On                 ; On                 ;
; Pre-Mapping Resynthesis Optimization                                       ; Off                ; Off                ;
; Analysis & Synthesis Message Level                                         ; Medium             ; Medium             ;
; Disable Register Merging Across Hierarchies                                ; Auto               ; Auto               ;
; Synthesis Seed                                                             ; 1                  ; 1                  ;
+----------------------------------------------------------------------------+--------------------+--------------------+


+------------------------------------------+
; Parallel Compilation                     ;
+----------------------------+-------------+
; Processors                 ; Number      ;
+----------------------------+-------------+
; Number detected on machine ; 2           ;
; Maximum allowed            ; 2           ;
;                            ;             ;
; Average used               ; 1.00        ;
; Maximum used               ; 1           ;
;                            ;             ;
; Usage by Processor         ; % Time Used ;
;     Processor 1            ; 100.0%      ;
;     Processor 2            ;   0.0%      ;
+----------------------------+-------------+


+-----------------------------------------------------------------------------------------------------------------------------+
; Analysis & Synthesis Source Files Read                                                                                      ;
+----------------------------------+-----------------+------------------------------+-------------------------------+---------+
; File Name with User-Entered Path ; Used in Netlist ; File Type                    ; File Name with Absolute Path  ; Library ;
+----------------------------------+-----------------+------------------------------+-------------------------------+---------+
; UFM.v                            ; yes             ; User Wizard-Generated File   ; Z:/Repos/GR8RAM/cpld/UFM.v    ;         ;
; gr8ram.v                         ; yes             ; Auto-Found Verilog HDL File  ; Z:/Repos/GR8RAM/cpld/gr8ram.v ;         ;
+----------------------------------+-----------------+------------------------------+-------------------------------+---------+


+-----------------------------------------------------+
; Analysis & Synthesis Resource Usage Summary         ;
+---------------------------------------------+-------+
; Resource                                    ; Usage ;
+---------------------------------------------+-------+
; Total logic elements                        ; 343   ;
;     -- Combinational with no register       ; 220   ;
;     -- Register only                        ; 30    ;
;     -- Combinational with a register        ; 93    ;
;                                             ;       ;
; Logic element usage by number of LUT inputs ;       ;
;     -- 4 input functions                    ; 198   ;
;     -- 3 input functions                    ; 43    ;
;     -- 2 input functions                    ; 66    ;
;     -- 1 input functions                    ; 5     ;
;     -- 0 input functions                    ; 1     ;
;                                             ;       ;
; Logic elements by mode                      ;       ;
;     -- normal mode                          ; 306   ;
;     -- arithmetic mode                      ; 37    ;
;     -- qfbk mode                            ; 0     ;
;     -- register cascade mode                ; 0     ;
;     -- synchronous clear/load mode          ; 28    ;
;     -- asynchronous clear/load mode         ; 0     ;
;                                             ;       ;
; Total registers                             ; 123   ;
; Total logic cells in carry chains           ; 41    ;
; I/O pins                                    ; 73    ;
; UFM blocks                                  ; 1     ;
; Maximum fan-out node                        ; C25M  ;
; Maximum fan-out                             ; 123   ;
; Total fan-out                               ; 1357  ;
; Average fan-out                             ; 3.25  ;
+---------------------------------------------+-------+


+--------------------------------------------------------------------------------------------------------------------------------------------------------------------------------------------------------------------------------------------------------------------------------------------------------+
; Analysis & Synthesis Resource Utilization by Entity                                                                                                                                                                                                                                                    ;
+-----------------------------------------------------------+-------------+--------------+------------+------+--------------+--------------+-------------------+------------------+-----------------+------------+------------------------------------------------------------------------+--------------+
; Compilation Hierarchy Node                                ; Logic Cells ; LC Registers ; UFM Blocks ; Pins ; Virtual Pins ; LUT-Only LCs ; Register-Only LCs ; LUT/Register LCs ; Carry Chain LCs ; Packed LCs ; Full Hierarchy Name                                                    ; Library Name ;
+-----------------------------------------------------------+-------------+--------------+------------+------+--------------+--------------+-------------------+------------------+-----------------+------------+------------------------------------------------------------------------+--------------+
; |GR8RAM                                                   ; 343 (343)   ; 123          ; 1          ; 73   ; 0            ; 220 (220)    ; 30 (30)           ; 93 (93)          ; 41 (41)         ; 0 (0)      ; |GR8RAM                                                                ; work         ;
;    |UFM:UFM_inst|                                         ; 0 (0)       ; 0            ; 1          ; 0    ; 0            ; 0 (0)        ; 0 (0)             ; 0 (0)            ; 0 (0)           ; 0 (0)      ; |GR8RAM|UFM:UFM_inst                                                   ; work         ;
;       |UFM_altufm_none_0ep:UFM_altufm_none_0ep_component| ; 0 (0)       ; 0            ; 1          ; 0    ; 0            ; 0 (0)        ; 0 (0)             ; 0 (0)            ; 0 (0)           ; 0 (0)      ; |GR8RAM|UFM:UFM_inst|UFM_altufm_none_0ep:UFM_altufm_none_0ep_component ; work         ;
+-----------------------------------------------------------+-------------+--------------+------------+------+--------------+--------------+-------------------+------------------+-----------------+------------+------------------------------------------------------------------------+--------------+
Note: For table entries with two numbers listed, the numbers in parentheses indicate the number of resources of the given type used by the specific entity alone. The numbers listed outside of parentheses indicate the total resources of the given type used by the specific entity and all of its sub-entities in the hierarchy.


+-------------------------------------------------------------------------------------------------------------------+
; Analysis & Synthesis IP Cores Summary                                                                             ;
+--------+--------------+---------+--------------+--------------+----------------------+----------------------------+
; Vendor ; IP Core Name ; Version ; Release Date ; License Type ; Entity Instance      ; IP Include File            ;
+--------+--------------+---------+--------------+--------------+----------------------+----------------------------+
; Altera ; ALTUFM_NONE  ; 13.0    ; N/A          ; N/A          ; |GR8RAM|UFM:UFM_inst ; Z:/Repos/GR8RAM/cpld/UFM.v ;
+--------+--------------+---------+--------------+--------------+----------------------+----------------------------+


+--------------------------------------------------------------------------------+
; Registers Removed During Synthesis                                             ;
+---------------------------------------+----------------------------------------+
; Register name                         ; Reason for Removal                     ;
+---------------------------------------+----------------------------------------+
; DRDIn                                 ; Stuck at GND due to stuck port data_in ;
; nRESout~reg0                          ; Merged with CmdActv                    ;
; RCKE~reg0                             ; Stuck at VCC due to stuck port data_in ;
; Total Number of Removed Registers = 3 ;                                        ;
+---------------------------------------+----------------------------------------+


+------------------------------------------------------+
; General Register Statistics                          ;
+----------------------------------------------+-------+
; Statistic                                    ; Value ;
+----------------------------------------------+-------+
; Total registers                              ; 123   ;
; Number of registers using Synchronous Clear  ; 24    ;
; Number of registers using Synchronous Load   ; 4     ;
; Number of registers using Asynchronous Clear ; 0     ;
; Number of registers using Asynchronous Load  ; 0     ;
; Number of registers using Clock Enable       ; 69    ;
; Number of registers using Preset             ; 0     ;
+----------------------------------------------+-------+


+--------------------------------------------------+
; Inverted Register Statistics                     ;
+----------------------------------------+---------+
; Inverted Register                      ; Fan out ;
+----------------------------------------+---------+
; nRCS~reg0                              ; 3       ;
; nRAS~reg0                              ; 3       ;
; nCAS~reg0                              ; 3       ;
; nSWE~reg0                              ; 3       ;
; DQML~reg0                              ; 1       ;
; DQMH~reg0                              ; 1       ;
; Total number of inverted registers = 6 ;         ;
+----------------------------------------+---------+


+------------------------------------------------------------------------------------------------------------------------------------------+
; Multiplexer Restructuring Statistics (Restructuring Performed)                                                                           ;
+--------------------+-----------+---------------+----------------------+------------------------+------------+----------------------------+
; Multiplexer Inputs ; Bus Width ; Baseline Area ; Area if Restructured ; Saving if Restructured ; Registered ; Example Multiplexer Output ;
+--------------------+-----------+---------------+----------------------+------------------------+------------+----------------------------+
; 3:1                ; 4 bits    ; 8 LEs         ; 8 LEs                ; 0 LEs                  ; Yes        ; |GR8RAM|S[3]               ;
; 4:1                ; 8 bits    ; 16 LEs        ; 16 LEs               ; 0 LEs                  ; Yes        ; |GR8RAM|Addr[2]            ;
; 5:1                ; 4 bits    ; 12 LEs        ; 8 LEs                ; 4 LEs                  ; Yes        ; |GR8RAM|Addr[18]           ;
; 5:1                ; 2 bits    ; 6 LEs         ; 4 LEs                ; 2 LEs                  ; Yes        ; |GR8RAM|IS[1]              ;
; 5:1                ; 8 bits    ; 24 LEs        ; 16 LEs               ; 8 LEs                  ; Yes        ; |GR8RAM|Addr[8]            ;
; 5:1                ; 3 bits    ; 9 LEs         ; 6 LEs                ; 3 LEs                  ; Yes        ; |GR8RAM|DRShift            ;
; 6:1                ; 4 bits    ; 16 LEs        ; 8 LEs                ; 8 LEs                  ; Yes        ; |GR8RAM|Addr[23]           ;
; 13:1               ; 2 bits    ; 16 LEs        ; 4 LEs                ; 12 LEs                 ; Yes        ; |GR8RAM|SA[12]~reg0        ;
; 17:1               ; 5 bits    ; 55 LEs        ; 30 LEs               ; 25 LEs                 ; Yes        ; |GR8RAM|SA[7]~reg0         ;
; 20:1               ; 3 bits    ; 39 LEs        ; 18 LEs               ; 21 LEs                 ; Yes        ; |GR8RAM|SA[2]~reg0         ;
; 20:1               ; 2 bits    ; 26 LEs        ; 8 LEs                ; 18 LEs                 ; Yes        ; |GR8RAM|DQMH~reg0          ;
+--------------------+-----------+---------------+----------------------+------------------------+------------+----------------------------+


+-------------------------------------------------------------------------------------------------------------------+
; Port Connectivity Checks: "UFM:UFM_inst"                                                                          ;
+---------+--------+----------+-------------------------------------------------------------------------------------+
; Port    ; Type   ; Severity ; Details                                                                             ;
+---------+--------+----------+-------------------------------------------------------------------------------------+
; ardin   ; Input  ; Info     ; Stuck at GND                                                                        ;
; oscena  ; Input  ; Info     ; Stuck at VCC                                                                        ;
; busy    ; Output ; Info     ; Connected to dangling logic. Logic that only feeds a dangling port will be removed. ;
; osc     ; Output ; Info     ; Connected to dangling logic. Logic that only feeds a dangling port will be removed. ;
; rtpbusy ; Output ; Info     ; Connected to dangling logic. Logic that only feeds a dangling port will be removed. ;
+---------+--------+----------+-------------------------------------------------------------------------------------+


+-------------------------------+
; Analysis & Synthesis Messages ;
+-------------------------------+
Info: *******************************************************************
Info: Running Quartus II 32-bit Analysis & Synthesis
    Info: Version 13.0.1 Build 232 06/12/2013 Service Pack 1 SJ Web Edition
    Info: Processing started: Fri Mar 19 02:55:44 2021
Info: Command: quartus_map --read_settings_files=on --write_settings_files=off GR8RAM -c GR8RAM
Info (20030): Parallel compilation is enabled and will use 2 of the 2 processors detected
Info (12021): Found 2 design units, including 2 entities, in source file ufm.v
    Info (12023): Found entity 1: UFM_altufm_none_0ep
    Info (12023): Found entity 2: UFM
Warning (10229): Verilog HDL Expression warning at gr8ram.v(545): truncated literal to match 1 bits
Warning (10229): Verilog HDL Expression warning at gr8ram.v(558): truncated literal to match 1 bits
Warning (12125): Using design file gr8ram.v, which is not specified as a design file for the current project, but contains definitions for 1 design units and 1 entities in project
    Info (12023): Found entity 1: GR8RAM
Warning (10236): Verilog HDL Implicit Net warning at gr8ram.v(275): created implicit net for "UFMB"
Warning (10236): Verilog HDL Implicit Net warning at gr8ram.v(278): created implicit net for "RTPB"
Info (12127): Elaborating entity "GR8RAM" for the top level hierarchy
Warning (10036): Verilog HDL or VHDL warning at gr8ram.v(112): object "REGEN" assigned a value but never read
Warning (10858): Verilog HDL warning at gr8ram.v(127): object RDout used but never assigned
Warning (10036): Verilog HDL or VHDL warning at gr8ram.v(280): object "UFMBr" assigned a value but never read
Warning (10036): Verilog HDL or VHDL warning at gr8ram.v(282): object "RTPBr" assigned a value but never read
Warning (10230): Verilog HDL assignment warning at gr8ram.v(39): truncated value with size 32 to match size of target (18)
Warning (10230): Verilog HDL assignment warning at gr8ram.v(147): truncated value with size 32 to match size of target (8)
Warning (10230): Verilog HDL assignment warning at gr8ram.v(154): truncated value with size 32 to match size of target (8)
Warning (10230): Verilog HDL assignment warning at gr8ram.v(160): truncated value with size 32 to match size of target (8)
Warning (10230): Verilog HDL assignment warning at gr8ram.v(426): truncated value with size 32 to match size of target (4)
Warning (10230): Verilog HDL assignment warning at gr8ram.v(547): truncated value with size 10 to match size of target (6)
Warning (10230): Verilog HDL assignment warning at gr8ram.v(635): truncated value with size 10 to match size of target (6)
Warning (10030): Net "RDout" at gr8ram.v(127) has no driver or initial value, using a default initial value '0'
Info (12128): Elaborating entity "UFM" for hierarchy "UFM:UFM_inst"
Info (12128): Elaborating entity "UFM_altufm_none_0ep" for hierarchy "UFM:UFM_inst|UFM_altufm_none_0ep:UFM_altufm_none_0ep_component"
Warning (13046): Tri-state node(s) do not directly drive top-level pin(s)
    Warning (13047): Converted the fan-out from the tri-state buffer "MOSI" to the node "WRD" into an OR gate
Warning (13024): Output pins are stuck at VCC or GND
    Warning (13410): Pin "RAdir" is stuck at VCC
    Warning (13410): Pin "RDdir" is stuck at VCC
    Warning (13410): Pin "RCKE" is stuck at VCC
Warning (21074): Design contains 2 input pin(s) that do not drive logic
    Warning (15610): No output dependent on input pin "nIOSEL"
    Warning (15610): No output dependent on input pin "nIOSTRB"
Info (21057): Implemented 417 device resources after synthesis - the final resource count might be different
    Info (21058): Implemented 27 input pins
    Info (21059): Implemented 30 output pins
    Info (21060): Implemented 16 bidirectional pins
    Info (21061): Implemented 343 logic cells
    Info (21070): Implemented 1 User Flash Memory blocks
Info (144001): Generated suppressed messages file Z:/Repos/GR8RAM/cpld/output_files/GR8RAM.map.smsg
Info: Quartus II 32-bit Analysis & Synthesis was successful. 0 errors, 26 warnings
    Info: Peak virtual memory: 301 megabytes
    Info: Processing ended: Fri Mar 19 02:55:50 2021
    Info: Elapsed time: 00:00:06
    Info: Total CPU time (on all processors): 00:00:06


+------------------------------------------+
; Analysis & Synthesis Suppressed Messages ;
+------------------------------------------+
The suppressed messages can be found in Z:/Repos/GR8RAM/cpld/output_files/GR8RAM.map.smsg.


