EDA Netlist Writer report for GR8RAM
Tue Feb 28 11:21:31 2023
Quartus Prime Version 22.1std.0 Build 915 10/25/2022 SC Lite Edition


---------------------
; Table of Contents ;
---------------------
  1. Legal Notice
  2. EDA Netlist Writer Summary
  3. Simulation Settings
  4. Simulation Generated Files
  5. EDA Netlist Writer Messages



----------------
; Legal Notice ;
----------------
Copyright (C) 2022  Intel Corporation. All rights reserved.
Your use of Intel Corporation's design tools, logic functions 
and other software and tools, and any partner logic 
functions, and any output files from any of the foregoing 
(including device programming or simulation files), and any 
associated documentation or information are expressly subject 
to the terms and conditions of the Intel Program License 
Subscription Agreement, the Intel Quartus Prime License Agreement,
the Intel FPGA IP License Agreement, or other applicable license
agreement, including, without limitation, that your use is for
the sole purpose of programming logic devices manufactured by
Intel and sold by Intel or its authorized distributors.  Please
refer to the applicable agreement for further details, at
https://fpgasoftware.intel.com/eula.



+-------------------------------------------------------------------+
; EDA Netlist Writer Summary                                        ;
+---------------------------+---------------------------------------+
; EDA Netlist Writer Status ; Successful - Tue Feb 28 11:21:31 2023 ;
; Revision Name             ; GR8RAM                                ;
; Top-level Entity Name     ; GR8RAM                                ;
; Family                    ; MAX II                                ;
; Simulation Files Creation ; Successful                            ;
+---------------------------+---------------------------------------+


+---------------------------------------------------------------------------------------------------------------------------------+
; Simulation Settings                                                                                                             ;
+---------------------------------------------------------------------------------------------------+-----------------------------+
; Option                                                                                            ; Setting                     ;
+---------------------------------------------------------------------------------------------------+-----------------------------+
; Tool Name                                                                                         ; Questa Intel FPGA (Verilog) ;
; Generate functional simulation netlist                                                            ; On                          ;
; Truncate long hierarchy paths                                                                     ; Off                         ;
; Map illegal HDL characters                                                                        ; Off                         ;
; Flatten buses into individual nodes                                                               ; Off                         ;
; Maintain hierarchy                                                                                ; Off                         ;
; Bring out device-wide set/reset signals as ports                                                  ; Off                         ;
; Enable glitch filtering                                                                           ; Off                         ;
; Do not write top level VHDL entity                                                                ; Off                         ;
; Disable detection of setup and hold time violations in the input registers of bi-directional pins ; Off                         ;
; Architecture name in VHDL output netlist                                                          ; structure                   ;
; Generate third-party EDA tool command script for RTL functional simulation                        ; Off                         ;
; Generate third-party EDA tool command script for gate-level simulation                            ; Off                         ;
+---------------------------------------------------------------------------------------------------+-----------------------------+


+--------------------------------------------------+
; Simulation Generated Files                       ;
+--------------------------------------------------+
; Generated Files                                  ;
+--------------------------------------------------+
; /Repos2/GR8RAM/cpld2/simulation/questa/GR8RAM.vo ;
+--------------------------------------------------+


+-----------------------------+
; EDA Netlist Writer Messages ;
+-----------------------------+
Info: *******************************************************************
Info: Running Quartus Prime EDA Netlist Writer
    Info: Version 22.1std.0 Build 915 10/25/2022 SC Lite Edition
    Info: Processing started: Tue Feb 28 11:21:30 2023
Info: Command: quartus_eda --read_settings_files=off --write_settings_files=off GR8RAM -c GR8RAM
Warning (18236): Number of processors has not been specified which may cause overloading on shared machines.  Set the global assignment NUM_PARALLEL_PROCESSORS in your QSF to an appropriate value for best performance.
Info (204019): Generated file GR8RAM.vo in folder "/Repos2/GR8RAM/cpld2/simulation/questa/" for EDA simulation tool
Info: Quartus Prime EDA Netlist Writer was successful. 0 errors, 1 warning
    Info: Peak virtual memory: 13024 megabytes
    Info: Processing ended: Tue Feb 28 11:21:31 2023
    Info: Elapsed time: 00:00:01
    Info: Total CPU time (on all processors): 00:00:01


